12:51:35.851 [main] INFO  testCases.TC_009_WishList - Search Success
12:51:35.974 [main] INFO  testCases.TC_009_WishList - TC_009_WishList Complited
12:52:58.117 [main] INFO  testCases.TC_009_WishList - Launched chrome Browser
12:52:58.163 [main] INFO  testCases.TC_009_WishList - Starting TC_009_WishList
12:53:01.167 [main] INFO  testCases.TC_009_WishList - Home Page Displayed 
12:53:03.523 [main] INFO  testCases.TC_009_WishList - Enter any Product
12:53:05.727 [main] INFO  testCases.TC_009_WishList - clicked on the search button
12:53:10.506 [main] INFO  testCases.TC_009_WishList - clicked on the searched image
12:53:14.248 [main] INFO  testCases.TC_009_WishList - Clicked on the WishList Symbol
12:53:16.391 [main] INFO  testCases.TC_009_WishList - Clicked on MyAccount
12:53:20.336 [main] INFO  testCases.TC_009_WishList - Clicked on the Login
12:53:20.559 [main] INFO  testCases.TC_009_WishList - Email is provided
12:53:20.709 [main] INFO  testCases.TC_009_WishList - Password is Provided
12:53:22.039 [main] INFO  testCases.TC_009_WishList - Clicked on Login Button
12:53:32.073 [main] INFO  testCases.TC_009_WishList - Search Success
12:53:32.076 [main] INFO  testCases.TC_009_WishList - TC_009_WishList Complited
12:55:56.170 [main] INFO  testCases.TC_009_WishList - Launched chrome Browser
12:55:56.213 [main] INFO  testCases.TC_009_WishList - Starting TC_009_WishList
12:56:00.067 [main] INFO  testCases.TC_009_WishList - Home Page Displayed 
12:56:02.448 [main] INFO  testCases.TC_009_WishList - Enter any Product
12:56:04.574 [main] INFO  testCases.TC_009_WishList - clicked on the search button
12:56:10.239 [main] INFO  testCases.TC_009_WishList - clicked on the searched image
12:56:13.359 [main] INFO  testCases.TC_009_WishList - Clicked on the WishList Symbol
12:56:15.466 [main] INFO  testCases.TC_009_WishList - Clicked on MyAccount
12:56:18.200 [main] INFO  testCases.TC_009_WishList - Clicked on the Login
12:56:18.432 [main] INFO  testCases.TC_009_WishList - Email is provided
12:56:18.613 [main] INFO  testCases.TC_009_WishList - Password is Provided
12:56:19.994 [main] INFO  testCases.TC_009_WishList - Clicked on Login Button
12:56:30.033 [main] INFO  testCases.TC_009_WishList - Search Success
12:56:30.037 [main] INFO  testCases.TC_009_WishList - TC_009_WishList Complited
13:01:30.201 [main] INFO  testCases.TC_009_WishList - Launched chrome Browser
13:01:30.246 [main] INFO  testCases.TC_009_WishList - Starting TC_009_WishList
13:01:34.118 [main] INFO  testCases.TC_009_WishList - Home Page Displayed 
13:01:36.523 [main] INFO  testCases.TC_009_WishList - Enter any Product
13:01:38.599 [main] INFO  testCases.TC_009_WishList - clicked on the search button
13:01:48.671 [main] FATAL testCases.TC_009_WishList - WishList Failed
13:08:02.016 [main] INFO  testCases.TC_009_WishList - Launched chrome Browser
13:08:02.363 [main] INFO  testCases.TC_009_WishList - Starting TC_009_WishList
13:08:06.577 [main] INFO  testCases.TC_009_WishList - Home Page Displayed 
13:08:08.906 [main] INFO  testCases.TC_009_WishList - Enter any Product
13:08:11.415 [main] INFO  testCases.TC_009_WishList - clicked on the search button
13:08:16.779 [main] INFO  testCases.TC_009_WishList - clicked on the searched image
13:08:19.926 [main] INFO  testCases.TC_009_WishList - Clicked on the WishList Symbol
13:08:22.035 [main] INFO  testCases.TC_009_WishList - Clicked on MyAccount
13:08:25.378 [main] INFO  testCases.TC_009_WishList - Clicked on the Login
13:08:25.593 [main] INFO  testCases.TC_009_WishList - Email is provided
13:08:25.738 [main] INFO  testCases.TC_009_WishList - Password is Provided
13:08:27.016 [main] INFO  testCases.TC_009_WishList - Clicked on Login Button
13:08:37.082 [main] INFO  testCases.TC_009_WishList - Search Success
13:08:37.085 [main] INFO  testCases.TC_009_WishList - TC_009_WishList Complited
13:25:02.399 [main] INFO  testCases.TC_009_WishList - Launched chrome Browser
13:25:02.474 [main] INFO  testCases.TC_009_WishList - Starting TC_009_WishList
13:25:07.350 [main] INFO  testCases.TC_009_WishList - Home Page Displayed 
13:25:09.758 [main] INFO  testCases.TC_009_WishList - Enter any Product
13:25:12.496 [main] INFO  testCases.TC_009_WishList - clicked on the search button
13:25:17.092 [main] INFO  testCases.TC_009_WishList - clicked on the searched image
13:25:20.328 [main] INFO  testCases.TC_009_WishList - Clicked on the WishList Symbol
13:25:22.444 [main] INFO  testCases.TC_009_WishList - Clicked on MyAccount
13:25:25.583 [main] INFO  testCases.TC_009_WishList - Clicked on the Login
13:25:25.809 [main] INFO  testCases.TC_009_WishList - Email is provided
13:25:25.955 [main] INFO  testCases.TC_009_WishList - Password is Provided
13:25:27.135 [main] INFO  testCases.TC_009_WishList - Clicked on Login Button
13:25:37.179 [main] INFO  testCases.TC_009_WishList - Search Success
13:25:37.244 [main] INFO  testCases.TC_009_WishList - TC_009_WishList Complited
23:19:35.553 [main] INFO  testCases.TC_010_ShoppingCart - Launched chrome Browser
23:19:35.919 [main] INFO  testCases.TC_010_ShoppingCart - Starting TC_010_ShoppingCart
23:19:47.579 [main] INFO  testCases.TC_010_ShoppingCart - Home Page Displayed 
23:19:49.416 [main] INFO  testCases.TC_010_ShoppingCart - Enter Any Product
23:19:52.967 [main] INFO  testCases.TC_010_ShoppingCart - Clicked OnThe Search Button Icon
17:20:22.773 [main] INFO  testCases.TC_010_ShoppingCart - Launched chrome Browser
17:20:22.887 [main] INFO  testCases.TC_010_ShoppingCart - Starting TC_010_ShoppingCart
17:20:51.118 [main] INFO  testCases.TC_010_ShoppingCart - Home Page Displayed 
17:20:51.333 [main] INFO  testCases.TC_010_ShoppingCart - Enter Any Product
17:20:55.648 [main] INFO  testCases.TC_010_ShoppingCart - Clicked OnThe Search Button Icon
17:21:34.948 [main] INFO  testCases.TC_010_ShoppingCart - Launched chrome Browser
17:21:35.007 [main] INFO  testCases.TC_010_ShoppingCart - Starting TC_010_ShoppingCart
17:21:39.878 [main] INFO  testCases.TC_010_ShoppingCart - Home Page Displayed 
17:21:40.186 [main] INFO  testCases.TC_010_ShoppingCart - Enter Any Product
17:21:42.463 [main] INFO  testCases.TC_010_ShoppingCart - Clicked OnThe Search Button Icon
20:32:30.747 [main] INFO  testCases.TC_010_ShoppingCart - Launched chrome Browser
20:32:31.297 [main] INFO  testCases.TC_010_ShoppingCart - Starting TC_010_ShoppingCart
20:32:36.777 [main] INFO  testCases.TC_010_ShoppingCart - Home Page Displayed 
20:32:37.052 [main] INFO  testCases.TC_010_ShoppingCart - Enter Any Product
20:32:39.839 [main] INFO  testCases.TC_010_ShoppingCart - Clicked OnThe Search Button Icon
20:33:43.428 [main] INFO  testCases.TC_010_ShoppingCart - Launched chrome Browser
20:33:43.502 [main] INFO  testCases.TC_010_ShoppingCart - Starting TC_010_ShoppingCart
20:33:48.239 [main] INFO  testCases.TC_010_ShoppingCart - Home Page Displayed 
20:33:48.373 [main] INFO  testCases.TC_010_ShoppingCart - Enter Any Product
20:33:50.517 [main] INFO  testCases.TC_010_ShoppingCart - Clicked OnThe Search Button Icon
20:36:40.778 [main] INFO  testCases.TC_010_ShoppingCart - Launched chrome Browser
20:36:40.826 [main] INFO  testCases.TC_010_ShoppingCart - Starting TC_010_ShoppingCart
20:36:46.449 [main] INFO  testCases.TC_010_ShoppingCart - Home Page Displayed 
20:36:46.640 [main] INFO  testCases.TC_010_ShoppingCart - Enter Any Product
20:36:48.916 [main] INFO  testCases.TC_010_ShoppingCart - Clicked OnThe Search Button Icon
20:38:21.210 [main] INFO  testCases.TC_010_ShoppingCart - Launched chrome Browser
20:38:21.264 [main] INFO  testCases.TC_010_ShoppingCart - Starting TC_010_ShoppingCart
20:38:25.732 [main] INFO  testCases.TC_010_ShoppingCart - Home Page Displayed 
20:38:25.891 [main] INFO  testCases.TC_010_ShoppingCart - Enter Any Product
20:38:28.371 [main] INFO  testCases.TC_010_ShoppingCart - Clicked OnThe Search Button Icon
20:58:48.622 [main] INFO  testCases.TC_010_ShoppingCart - Launched chrome Browser
20:58:48.665 [main] INFO  testCases.TC_010_ShoppingCart - Starting TC_010_ShoppingCart
20:58:54.032 [main] INFO  testCases.TC_010_ShoppingCart - Home Page Displayed 
20:58:54.196 [main] INFO  testCases.TC_010_ShoppingCart - Enter Any Product
20:58:56.857 [main] INFO  testCases.TC_010_ShoppingCart - Clicked OnThe Search Button Icon
21:05:36.541 [main] INFO  testCases.TC_010_ShoppingCart - Launched chrome Browser
21:05:36.595 [main] INFO  testCases.TC_010_ShoppingCart - Starting TC_010_ShoppingCart
21:05:40.219 [main] INFO  testCases.TC_010_ShoppingCart - Home Page Displayed 
21:05:40.420 [main] INFO  testCases.TC_010_ShoppingCart - Enter Any Product
21:05:42.404 [main] INFO  testCases.TC_010_ShoppingCart - Clicked OnThe Search Button Icon
21:05:48.454 [main] INFO  testCases.TC_010_ShoppingCart - clicked On The Searched Product
21:16:46.653 [main] INFO  testCases.TC_010_ShoppingCart - Launched chrome Browser
21:16:46.706 [main] INFO  testCases.TC_010_ShoppingCart - Starting TC_010_ShoppingCart
21:16:51.390 [main] INFO  testCases.TC_010_ShoppingCart - Home Page Displayed 
21:16:51.574 [main] INFO  testCases.TC_010_ShoppingCart - Enter Any Product
21:16:54.091 [main] INFO  testCases.TC_010_ShoppingCart - Clicked OnThe Search Button Icon
21:16:58.322 [main] INFO  testCases.TC_010_ShoppingCart - clicked On The Searched Product
21:16:59.470 [main] INFO  testCases.TC_010_ShoppingCart - Clicked On Add To Cart
21:17:40.032 [main] INFO  testCases.TC_010_ShoppingCart - Launched chrome Browser
21:17:40.086 [main] INFO  testCases.TC_010_ShoppingCart - Starting TC_010_ShoppingCart
21:17:43.616 [main] INFO  testCases.TC_010_ShoppingCart - Home Page Displayed 
21:17:43.790 [main] INFO  testCases.TC_010_ShoppingCart - Enter Any Product
21:17:45.754 [main] INFO  testCases.TC_010_ShoppingCart - Clicked OnThe Search Button Icon
21:17:49.626 [main] INFO  testCases.TC_010_ShoppingCart - clicked On The Searched Product
21:17:50.995 [main] INFO  testCases.TC_010_ShoppingCart - Clicked On Add To Cart
21:20:53.162 [main] INFO  testCases.TC_010_ShoppingCart - Launched chrome Browser
21:20:53.208 [main] INFO  testCases.TC_010_ShoppingCart - Starting TC_010_ShoppingCart
21:20:57.962 [main] INFO  testCases.TC_010_ShoppingCart - Home Page Displayed 
21:20:58.129 [main] INFO  testCases.TC_010_ShoppingCart - Enter Any Product
21:21:00.281 [main] INFO  testCases.TC_010_ShoppingCart - Clicked OnThe Search Button Icon
21:21:04.625 [main] INFO  testCases.TC_010_ShoppingCart - clicked On The Searched Product
21:21:05.755 [main] INFO  testCases.TC_010_ShoppingCart - Clicked On Add To Cart
21:25:33.833 [main] INFO  testCases.TC_010_ShoppingCart - Launched chrome Browser
21:25:33.896 [main] INFO  testCases.TC_010_ShoppingCart - Starting TC_010_ShoppingCart
21:25:37.247 [main] INFO  testCases.TC_010_ShoppingCart - Home Page Displayed 
21:25:37.551 [main] INFO  testCases.TC_010_ShoppingCart - Enter Any Product
21:25:39.707 [main] INFO  testCases.TC_010_ShoppingCart - Clicked OnThe Search Button Icon
21:25:43.887 [main] INFO  testCases.TC_010_ShoppingCart - clicked On The Searched Product
21:25:45.198 [main] INFO  testCases.TC_010_ShoppingCart - Clicked On Add To Cart
21:28:16.882 [main] INFO  testCases.TC_010_ShoppingCart - Launched chrome Browser
21:28:16.939 [main] INFO  testCases.TC_010_ShoppingCart - Starting TC_010_ShoppingCart
21:28:20.967 [main] INFO  testCases.TC_010_ShoppingCart - Home Page Displayed 
21:28:21.255 [main] INFO  testCases.TC_010_ShoppingCart - Enter Any Product
21:28:23.211 [main] INFO  testCases.TC_010_ShoppingCart - Clicked OnThe Search Button Icon
21:28:27.259 [main] INFO  testCases.TC_010_ShoppingCart - clicked On The Searched Product
21:28:28.376 [main] INFO  testCases.TC_010_ShoppingCart - Clicked On Add To Cart
21:28:32.431 [main] INFO  testCases.TC_010_ShoppingCart - Clicked On Shop Cart
21:28:33.551 [main] INFO  testCases.TC_010_ShoppingCart - Clicked on Use Coupon Code
21:28:34.771 [main] INFO  testCases.TC_010_ShoppingCart - Entered Coupon Code
21:28:35.931 [main] INFO  testCases.TC_010_ShoppingCart - Clickd On Apply Coupon
21:31:40.193 [main] INFO  testCases.TC_010_ShoppingCart - Launched chrome Browser
21:31:40.240 [main] INFO  testCases.TC_010_ShoppingCart - Starting TC_010_ShoppingCart
21:31:43.670 [main] INFO  testCases.TC_010_ShoppingCart - Home Page Displayed 
21:31:43.950 [main] INFO  testCases.TC_010_ShoppingCart - Enter Any Product
21:31:45.951 [main] INFO  testCases.TC_010_ShoppingCart - Clicked OnThe Search Button Icon
21:31:51.113 [main] INFO  testCases.TC_010_ShoppingCart - clicked On The Searched Product
21:31:52.230 [main] INFO  testCases.TC_010_ShoppingCart - Clicked On Add To Cart
21:31:54.342 [main] INFO  testCases.TC_010_ShoppingCart - Clicked On Shop Cart
21:31:55.468 [main] INFO  testCases.TC_010_ShoppingCart - Clicked on Use Coupon Code
21:31:56.691 [main] INFO  testCases.TC_010_ShoppingCart - Entered Coupon Code
21:31:57.810 [main] INFO  testCases.TC_010_ShoppingCart - Clickd On Apply Coupon
21:31:58.926 [main] INFO  testCases.TC_010_ShoppingCart - Clicked on the Estimate Shipping And Taxes in DropDown
08:30:36.196 [main] INFO  testCases.TC_010_ShoppingCart - Launched chrome Browser
08:30:36.414 [main] INFO  testCases.TC_010_ShoppingCart - Starting TC_010_ShoppingCart
08:30:58.962 [main] INFO  testCases.TC_010_ShoppingCart - Home Page Displayed 
08:30:59.305 [main] INFO  testCases.TC_010_ShoppingCart - Enter Any Product
08:31:04.403 [main] INFO  testCases.TC_010_ShoppingCart - Clicked OnThe Search Button Icon
08:31:13.450 [main] INFO  testCases.TC_010_ShoppingCart - clicked On The Searched Product
08:31:14.617 [main] INFO  testCases.TC_010_ShoppingCart - Clicked On Add To Cart
08:31:20.884 [main] INFO  testCases.TC_010_ShoppingCart - Clicked On Shop Cart
08:31:21.990 [main] INFO  testCases.TC_010_ShoppingCart - Clicked on Use Coupon Code
08:31:23.684 [main] INFO  testCases.TC_010_ShoppingCart - Entered Coupon Code
08:31:24.792 [main] INFO  testCases.TC_010_ShoppingCart - Clickd On Apply Coupon
08:31:25.904 [main] INFO  testCases.TC_010_ShoppingCart - Clicked on the Estimate Shipping And Taxes in DropDown
08:32:42.462 [main] INFO  testCases.TC_010_ShoppingCart - Launched chrome Browser
08:32:42.505 [main] INFO  testCases.TC_010_ShoppingCart - Starting TC_010_ShoppingCart
08:32:54.268 [main] INFO  testCases.TC_010_ShoppingCart - Home Page Displayed 
08:32:54.434 [main] INFO  testCases.TC_010_ShoppingCart - Enter Any Product
08:32:57.167 [main] INFO  testCases.TC_010_ShoppingCart - Clicked OnThe Search Button Icon
08:33:01.450 [main] INFO  testCases.TC_010_ShoppingCart - clicked On The Searched Product
08:33:02.563 [main] INFO  testCases.TC_010_ShoppingCart - Clicked On Add To Cart
08:33:05.132 [main] INFO  testCases.TC_010_ShoppingCart - Clicked On Shop Cart
08:33:06.256 [main] INFO  testCases.TC_010_ShoppingCart - Clicked on Use Coupon Code
08:33:07.462 [main] INFO  testCases.TC_010_ShoppingCart - Entered Coupon Code
08:33:08.583 [main] INFO  testCases.TC_010_ShoppingCart - Clickd On Apply Coupon
08:33:09.716 [main] INFO  testCases.TC_010_ShoppingCart - Clicked on the Estimate Shipping And Taxes in DropDown
20:28:30.098 [main] INFO  testCases.TC_010_ShoppingCart - Launched chrome Browser
20:28:30.234 [main] INFO  testCases.TC_010_ShoppingCart - Starting TC_010_ShoppingCart
20:28:51.457 [main] INFO  testCases.TC_010_ShoppingCart - Home Page Displayed 
20:28:51.715 [main] INFO  testCases.TC_010_ShoppingCart - Enter Any Product
20:28:55.951 [main] INFO  testCases.TC_010_ShoppingCart - Clicked OnThe Search Button Icon
20:29:13.169 [main] INFO  testCases.TC_010_ShoppingCart - clicked On The Searched Product
20:29:14.344 [main] INFO  testCases.TC_010_ShoppingCart - Clicked On Add To Cart
20:29:19.247 [main] INFO  testCases.TC_010_ShoppingCart - Clicked On Shop Cart
20:29:20.360 [main] INFO  testCases.TC_010_ShoppingCart - Clicked on Use Coupon Code
20:29:21.697 [main] INFO  testCases.TC_010_ShoppingCart - Entered Coupon Code
20:29:22.854 [main] INFO  testCases.TC_010_ShoppingCart - Clickd On Apply Coupon
20:29:23.957 [main] INFO  testCases.TC_010_ShoppingCart - Clicked on the Estimate Shipping And Taxes in DropDown
20:37:40.856 [main] INFO  testCases.TC_010_ShoppingCart - Launched chrome Browser
20:37:40.911 [main] INFO  testCases.TC_010_ShoppingCart - Starting TC_010_ShoppingCart
20:37:49.643 [main] INFO  testCases.TC_010_ShoppingCart - Home Page Displayed 
20:37:49.775 [main] INFO  testCases.TC_010_ShoppingCart - Enter Any Product
20:37:51.866 [main] INFO  testCases.TC_010_ShoppingCart - Clicked OnThe Search Button Icon
20:37:56.008 [main] INFO  testCases.TC_010_ShoppingCart - clicked On The Searched Product
20:37:57.233 [main] INFO  testCases.TC_010_ShoppingCart - Clicked On Add To Cart
20:37:59.150 [main] INFO  testCases.TC_010_ShoppingCart - Clicked On Shop Cart
20:38:00.251 [main] INFO  testCases.TC_010_ShoppingCart - Clicked on Use Coupon Code
20:38:01.421 [main] INFO  testCases.TC_010_ShoppingCart - Entered Coupon Code
20:38:02.537 [main] INFO  testCases.TC_010_ShoppingCart - Clickd On Apply Coupon
20:38:05.643 [main] INFO  testCases.TC_010_ShoppingCart - Clicked on the Estimate Shipping And Taxes in DropDown
20:38:06.791 [main] INFO  testCases.TC_010_ShoppingCart - Clicked on The Country DropDown
20:38:08.016 [main] INFO  testCases.TC_010_ShoppingCart - Selected the Country
20:41:26.887 [main] INFO  testCases.TC_010_ShoppingCart - Launched chrome Browser
20:41:26.936 [main] INFO  testCases.TC_010_ShoppingCart - Starting TC_010_ShoppingCart
20:41:35.584 [main] INFO  testCases.TC_010_ShoppingCart - Home Page Displayed 
20:41:35.909 [main] INFO  testCases.TC_010_ShoppingCart - Enter Any Product
20:41:38.299 [main] INFO  testCases.TC_010_ShoppingCart - Clicked OnThe Search Button Icon
20:41:48.597 [main] INFO  testCases.TC_010_ShoppingCart - clicked On The Searched Product
20:41:50.267 [main] INFO  testCases.TC_010_ShoppingCart - Clicked On Add To Cart
20:41:54.723 [main] INFO  testCases.TC_010_ShoppingCart - Clicked On Shop Cart
20:41:55.850 [main] INFO  testCases.TC_010_ShoppingCart - Clicked on Use Coupon Code
20:41:57.019 [main] INFO  testCases.TC_010_ShoppingCart - Entered Coupon Code
20:41:58.133 [main] INFO  testCases.TC_010_ShoppingCart - Clickd On Apply Coupon
20:42:01.252 [main] INFO  testCases.TC_010_ShoppingCart - Clicked on the Estimate Shipping And Taxes in DropDown
20:42:02.491 [main] INFO  testCases.TC_010_ShoppingCart - Clicked on The Country DropDown
20:42:03.682 [main] INFO  testCases.TC_010_ShoppingCart - Selected the Country
20:43:57.156 [main] INFO  testCases.TC_010_ShoppingCart - Launched chrome Browser
20:43:57.206 [main] INFO  testCases.TC_010_ShoppingCart - Starting TC_010_ShoppingCart
20:44:02.735 [main] INFO  testCases.TC_010_ShoppingCart - Home Page Displayed 
20:44:03.041 [main] INFO  testCases.TC_010_ShoppingCart - Enter Any Product
20:44:05.277 [main] INFO  testCases.TC_010_ShoppingCart - Clicked OnThe Search Button Icon
20:44:10.153 [main] INFO  testCases.TC_010_ShoppingCart - clicked On The Searched Product
20:44:11.347 [main] INFO  testCases.TC_010_ShoppingCart - Clicked On Add To Cart
20:44:13.176 [main] INFO  testCases.TC_010_ShoppingCart - Clicked On Shop Cart
20:44:14.283 [main] INFO  testCases.TC_010_ShoppingCart - Clicked on Use Coupon Code
20:44:15.487 [main] INFO  testCases.TC_010_ShoppingCart - Entered Coupon Code
20:44:16.650 [main] INFO  testCases.TC_010_ShoppingCart - Clickd On Apply Coupon
20:44:19.754 [main] INFO  testCases.TC_010_ShoppingCart - Clicked on the Estimate Shipping And Taxes in DropDown
20:44:20.894 [main] INFO  testCases.TC_010_ShoppingCart - Clicked on The Country DropDown
20:44:22.079 [main] INFO  testCases.TC_010_ShoppingCart - Selected the Country
20:52:06.437 [main] INFO  testCases.TC_010_ShoppingCart - Launched chrome Browser
20:52:06.479 [main] INFO  testCases.TC_010_ShoppingCart - Starting TC_010_ShoppingCart
20:52:14.133 [main] INFO  testCases.TC_010_ShoppingCart - Home Page Displayed 
20:52:14.431 [main] INFO  testCases.TC_010_ShoppingCart - Enter Any Product
20:52:16.433 [main] INFO  testCases.TC_010_ShoppingCart - Clicked OnThe Search Button Icon
20:52:22.893 [main] INFO  testCases.TC_010_ShoppingCart - clicked On The Searched Product
20:52:24.211 [main] INFO  testCases.TC_010_ShoppingCart - Clicked On Add To Cart
20:52:26.240 [main] INFO  testCases.TC_010_ShoppingCart - Clicked On Shop Cart
20:52:27.365 [main] INFO  testCases.TC_010_ShoppingCart - Clicked on Use Coupon Code
20:52:28.543 [main] INFO  testCases.TC_010_ShoppingCart - Entered Coupon Code
20:52:29.645 [main] INFO  testCases.TC_010_ShoppingCart - Clickd On Apply Coupon
20:52:32.764 [main] INFO  testCases.TC_010_ShoppingCart - Clicked on the Estimate Shipping And Taxes in DropDown
20:52:33.958 [main] INFO  testCases.TC_010_ShoppingCart - Clicked on The Country DropDown
20:52:35.131 [main] INFO  testCases.TC_010_ShoppingCart - Selected the Country
21:15:37.331 [main] INFO  testCases.TC_010_ShoppingCart - Launched chrome Browser
21:15:37.604 [main] INFO  testCases.TC_010_ShoppingCart - Starting TC_010_ShoppingCart
21:15:44.040 [main] INFO  testCases.TC_010_ShoppingCart - Home Page Displayed 
21:15:44.337 [main] INFO  testCases.TC_010_ShoppingCart - Enter Any Product
21:15:47.936 [main] INFO  testCases.TC_010_ShoppingCart - Clicked OnThe Search Button Icon
21:15:53.259 [main] INFO  testCases.TC_010_ShoppingCart - clicked On The Searched Product
21:15:54.376 [main] INFO  testCases.TC_010_ShoppingCart - Clicked On Add To Cart
21:15:56.966 [main] INFO  testCases.TC_010_ShoppingCart - Clicked On Shop Cart
21:15:58.070 [main] INFO  testCases.TC_010_ShoppingCart - Clicked on Use Coupon Code
21:15:59.239 [main] INFO  testCases.TC_010_ShoppingCart - Entered Coupon Code
21:16:00.368 [main] INFO  testCases.TC_010_ShoppingCart - Clickd On Apply Coupon
21:16:03.502 [main] INFO  testCases.TC_010_ShoppingCart - Clicked on the Estimate Shipping And Taxes in DropDown
21:16:04.711 [main] INFO  testCases.TC_010_ShoppingCart - Clicked on The Country DropDown
21:16:06.080 [main] INFO  testCases.TC_010_ShoppingCart - Selected the Country
21:16:08.231 [main] INFO  testCases.TC_010_ShoppingCart - Clicked On The Select State
21:17:00.546 [main] INFO  testCases.TC_010_ShoppingCart - Launched chrome Browser
21:17:00.591 [main] INFO  testCases.TC_010_ShoppingCart - Starting TC_010_ShoppingCart
21:17:03.918 [main] INFO  testCases.TC_010_ShoppingCart - Home Page Displayed 
21:17:04.346 [main] INFO  testCases.TC_010_ShoppingCart - Enter Any Product
21:17:06.414 [main] INFO  testCases.TC_010_ShoppingCart - Clicked OnThe Search Button Icon
21:17:13.315 [main] INFO  testCases.TC_010_ShoppingCart - clicked On The Searched Product
21:17:14.434 [main] INFO  testCases.TC_010_ShoppingCart - Clicked On Add To Cart
21:17:16.541 [main] INFO  testCases.TC_010_ShoppingCart - Clicked On Shop Cart
21:17:17.661 [main] INFO  testCases.TC_010_ShoppingCart - Clicked on Use Coupon Code
21:17:19.113 [main] INFO  testCases.TC_010_ShoppingCart - Entered Coupon Code
21:17:20.227 [main] INFO  testCases.TC_010_ShoppingCart - Clickd On Apply Coupon
21:17:23.349 [main] INFO  testCases.TC_010_ShoppingCart - Clicked on the Estimate Shipping And Taxes in DropDown
21:17:24.492 [main] INFO  testCases.TC_010_ShoppingCart - Clicked on The Country DropDown
21:17:25.656 [main] INFO  testCases.TC_010_ShoppingCart - Selected the Country
21:17:27.797 [main] INFO  testCases.TC_010_ShoppingCart - Clicked On The Select State
21:19:19.845 [main] INFO  testCases.TC_010_ShoppingCart - Launched chrome Browser
21:19:19.903 [main] INFO  testCases.TC_010_ShoppingCart - Starting TC_010_ShoppingCart
21:19:23.844 [main] INFO  testCases.TC_010_ShoppingCart - Home Page Displayed 
21:19:24.294 [main] INFO  testCases.TC_010_ShoppingCart - Enter Any Product
21:19:26.935 [main] INFO  testCases.TC_010_ShoppingCart - Clicked OnThe Search Button Icon
21:19:31.810 [main] INFO  testCases.TC_010_ShoppingCart - clicked On The Searched Product
21:19:32.927 [main] INFO  testCases.TC_010_ShoppingCart - Clicked On Add To Cart
21:19:34.746 [main] INFO  testCases.TC_010_ShoppingCart - Clicked On Shop Cart
21:19:35.851 [main] INFO  testCases.TC_010_ShoppingCart - Clicked on Use Coupon Code
21:19:37.115 [main] INFO  testCases.TC_010_ShoppingCart - Entered Coupon Code
21:19:38.232 [main] INFO  testCases.TC_010_ShoppingCart - Clickd On Apply Coupon
21:19:41.343 [main] INFO  testCases.TC_010_ShoppingCart - Clicked on the Estimate Shipping And Taxes in DropDown
21:19:42.488 [main] INFO  testCases.TC_010_ShoppingCart - Clicked on The Country DropDown
21:19:43.656 [main] INFO  testCases.TC_010_ShoppingCart - Selected the Country
21:19:45.783 [main] INFO  testCases.TC_010_ShoppingCart - Clicked On The Select State
21:22:00.995 [main] INFO  testCases.TC_010_ShoppingCart - Launched chrome Browser
21:22:01.050 [main] INFO  testCases.TC_010_ShoppingCart - Starting TC_010_ShoppingCart
21:22:06.151 [main] INFO  testCases.TC_010_ShoppingCart - Home Page Displayed 
21:22:06.634 [main] INFO  testCases.TC_010_ShoppingCart - Enter Any Product
21:22:09.270 [main] INFO  testCases.TC_010_ShoppingCart - Clicked OnThe Search Button Icon
21:22:13.458 [main] INFO  testCases.TC_010_ShoppingCart - clicked On The Searched Product
21:22:14.597 [main] INFO  testCases.TC_010_ShoppingCart - Clicked On Add To Cart
21:22:16.889 [main] INFO  testCases.TC_010_ShoppingCart - Clicked On Shop Cart
21:22:18.020 [main] INFO  testCases.TC_010_ShoppingCart - Clicked on Use Coupon Code
21:22:19.190 [main] INFO  testCases.TC_010_ShoppingCart - Entered Coupon Code
21:22:20.384 [main] INFO  testCases.TC_010_ShoppingCart - Clickd On Apply Coupon
21:22:23.503 [main] INFO  testCases.TC_010_ShoppingCart - Clicked on the Estimate Shipping And Taxes in DropDown
21:22:24.707 [main] INFO  testCases.TC_010_ShoppingCart - Clicked on The Country DropDown
21:22:25.903 [main] INFO  testCases.TC_010_ShoppingCart - Selected the Country
21:22:28.053 [main] INFO  testCases.TC_010_ShoppingCart - Clicked On The Select State
21:31:35.633 [main] INFO  testCases.TC_010_ShoppingCart - Launched chrome Browser
21:31:35.744 [main] INFO  testCases.TC_010_ShoppingCart - Starting TC_010_ShoppingCart
21:31:42.836 [main] INFO  testCases.TC_010_ShoppingCart - Home Page Displayed 
21:31:43.211 [main] INFO  testCases.TC_010_ShoppingCart - Enter Any Product
21:31:45.857 [main] INFO  testCases.TC_010_ShoppingCart - Clicked OnThe Search Button Icon
21:31:51.484 [main] INFO  testCases.TC_010_ShoppingCart - clicked On The Searched Product
21:31:53.287 [main] INFO  testCases.TC_010_ShoppingCart - Clicked On Add To Cart
21:31:55.897 [main] INFO  testCases.TC_010_ShoppingCart - Clicked On Shop Cart
21:31:57.008 [main] INFO  testCases.TC_010_ShoppingCart - Clicked on Use Coupon Code
21:31:58.188 [main] INFO  testCases.TC_010_ShoppingCart - Entered Coupon Code
21:31:59.308 [main] INFO  testCases.TC_010_ShoppingCart - Clickd On Apply Coupon
21:32:02.425 [main] INFO  testCases.TC_010_ShoppingCart - Clicked on the Estimate Shipping And Taxes in DropDown
21:32:03.624 [main] INFO  testCases.TC_010_ShoppingCart - Clicked on The Country DropDown
21:32:04.802 [main] INFO  testCases.TC_010_ShoppingCart - Selected the Country
21:44:17.134 [main] INFO  testCases.TC_010_ShoppingCart - Launched chrome Browser
21:44:17.214 [main] INFO  testCases.TC_010_ShoppingCart - Starting TC_010_ShoppingCart
21:44:21.732 [main] INFO  testCases.TC_010_ShoppingCart - Home Page Displayed 
21:44:22.097 [main] INFO  testCases.TC_010_ShoppingCart - Enter Any Product
21:44:24.673 [main] INFO  testCases.TC_010_ShoppingCart - Clicked OnThe Search Button Icon
21:44:29.520 [main] INFO  testCases.TC_010_ShoppingCart - clicked On The Searched Product
21:44:30.744 [main] INFO  testCases.TC_010_ShoppingCart - Clicked On Add To Cart
21:44:33.457 [main] INFO  testCases.TC_010_ShoppingCart - Clicked On Shop Cart
21:44:34.587 [main] INFO  testCases.TC_010_ShoppingCart - Clicked on Use Coupon Code
21:44:35.841 [main] INFO  testCases.TC_010_ShoppingCart - Entered Coupon Code
21:44:36.963 [main] INFO  testCases.TC_010_ShoppingCart - Clickd On Apply Coupon
21:44:40.147 [main] INFO  testCases.TC_010_ShoppingCart - Clicked on the Estimate Shipping And Taxes in DropDown
21:44:41.354 [main] INFO  testCases.TC_010_ShoppingCart - Clicked on The Country DropDown
21:44:42.541 [main] INFO  testCases.TC_010_ShoppingCart - Selected the Country
21:46:32.256 [main] INFO  testCases.TC_010_ShoppingCart - Launched chrome Browser
21:46:32.342 [main] INFO  testCases.TC_010_ShoppingCart - Starting TC_010_ShoppingCart
21:46:35.930 [main] INFO  testCases.TC_010_ShoppingCart - Home Page Displayed 
21:46:36.477 [main] INFO  testCases.TC_010_ShoppingCart - Enter Any Product
21:46:38.743 [main] INFO  testCases.TC_010_ShoppingCart - Clicked OnThe Search Button Icon
21:46:45.111 [main] INFO  testCases.TC_010_ShoppingCart - clicked On The Searched Product
21:46:46.239 [main] INFO  testCases.TC_010_ShoppingCart - Clicked On Add To Cart
21:46:48.444 [main] INFO  testCases.TC_010_ShoppingCart - Clicked On Shop Cart
21:46:49.547 [main] INFO  testCases.TC_010_ShoppingCart - Clicked on Use Coupon Code
21:46:50.746 [main] INFO  testCases.TC_010_ShoppingCart - Entered Coupon Code
21:46:51.896 [main] INFO  testCases.TC_010_ShoppingCart - Clickd On Apply Coupon
21:46:55.003 [main] INFO  testCases.TC_010_ShoppingCart - Clicked on the Estimate Shipping And Taxes in DropDown
21:46:56.281 [main] INFO  testCases.TC_010_ShoppingCart - Clicked on The Country DropDown
21:46:57.442 [main] INFO  testCases.TC_010_ShoppingCart - Selected the Country
21:46:59.579 [main] INFO  testCases.TC_010_ShoppingCart - Clicked On The Select State
22:30:08.999 [main] INFO  testCases.TC_010_ShoppingCart - Launched chrome Browser
22:30:09.099 [main] INFO  testCases.TC_010_ShoppingCart - Starting TC_010_ShoppingCart
22:30:17.624 [main] INFO  testCases.TC_010_ShoppingCart - Home Page Displayed 
22:30:18.170 [main] INFO  testCases.TC_010_ShoppingCart - Enter Any Product
22:30:21.645 [main] INFO  testCases.TC_010_ShoppingCart - Clicked OnThe Search Button Icon
22:30:29.873 [main] INFO  testCases.TC_010_ShoppingCart - clicked On The Searched Product
22:30:31.005 [main] INFO  testCases.TC_010_ShoppingCart - Clicked On Add To Cart
22:30:33.020 [main] INFO  testCases.TC_010_ShoppingCart - Clicked On Shop Cart
22:30:34.141 [main] INFO  testCases.TC_010_ShoppingCart - Clicked on Use Coupon Code
22:30:35.460 [main] INFO  testCases.TC_010_ShoppingCart - Entered Coupon Code
22:30:36.575 [main] INFO  testCases.TC_010_ShoppingCart - Clickd On Apply Coupon
22:30:39.707 [main] INFO  testCases.TC_010_ShoppingCart - Clicked on the Estimate Shipping And Taxes in DropDown
22:30:40.857 [main] INFO  testCases.TC_010_ShoppingCart - Clicked on The Country DropDown
22:30:42.219 [main] INFO  testCases.TC_010_ShoppingCart - Selected the Country
22:30:44.415 [main] INFO  testCases.TC_010_ShoppingCart - Clicked On The Select State
22:31:43.193 [main] INFO  testCases.TC_010_ShoppingCart - Launched chrome Browser
22:31:43.248 [main] INFO  testCases.TC_010_ShoppingCart - Starting TC_010_ShoppingCart
22:31:47.947 [main] INFO  testCases.TC_010_ShoppingCart - Home Page Displayed 
22:31:48.327 [main] INFO  testCases.TC_010_ShoppingCart - Enter Any Product
22:31:50.946 [main] INFO  testCases.TC_010_ShoppingCart - Clicked OnThe Search Button Icon
22:31:58.796 [main] INFO  testCases.TC_010_ShoppingCart - clicked On The Searched Product
22:31:59.917 [main] INFO  testCases.TC_010_ShoppingCart - Clicked On Add To Cart
22:32:03.469 [main] INFO  testCases.TC_010_ShoppingCart - Clicked On Shop Cart
22:32:04.595 [main] INFO  testCases.TC_010_ShoppingCart - Clicked on Use Coupon Code
22:32:05.837 [main] INFO  testCases.TC_010_ShoppingCart - Entered Coupon Code
22:32:06.951 [main] INFO  testCases.TC_010_ShoppingCart - Clickd On Apply Coupon
22:32:10.071 [main] INFO  testCases.TC_010_ShoppingCart - Clicked on the Estimate Shipping And Taxes in DropDown
22:32:11.237 [main] INFO  testCases.TC_010_ShoppingCart - Clicked on The Country DropDown
22:32:12.464 [main] INFO  testCases.TC_010_ShoppingCart - Selected the Country
22:32:14.627 [main] INFO  testCases.TC_010_ShoppingCart - Clicked On The Select State
22:34:46.748 [main] INFO  testCases.TC_010_ShoppingCart - Launched chrome Browser
22:34:46.829 [main] INFO  testCases.TC_010_ShoppingCart - Starting TC_010_ShoppingCart
22:34:53.486 [main] INFO  testCases.TC_010_ShoppingCart - Home Page Displayed 
22:34:53.959 [main] INFO  testCases.TC_010_ShoppingCart - Enter Any Product
22:34:56.597 [main] INFO  testCases.TC_010_ShoppingCart - Clicked OnThe Search Button Icon
22:35:05.812 [main] INFO  testCases.TC_010_ShoppingCart - clicked On The Searched Product
22:35:06.927 [main] INFO  testCases.TC_010_ShoppingCart - Clicked On Add To Cart
22:35:08.710 [main] INFO  testCases.TC_010_ShoppingCart - Clicked On Shop Cart
22:35:09.822 [main] INFO  testCases.TC_010_ShoppingCart - Clicked on Use Coupon Code
22:35:11.904 [main] INFO  testCases.TC_010_ShoppingCart - Entered Coupon Code
22:35:13.061 [main] INFO  testCases.TC_010_ShoppingCart - Clickd On Apply Coupon
22:35:16.177 [main] INFO  testCases.TC_010_ShoppingCart - Clicked on the Estimate Shipping And Taxes in DropDown
22:35:17.427 [main] INFO  testCases.TC_010_ShoppingCart - Clicked on The Country DropDown
22:35:18.613 [main] INFO  testCases.TC_010_ShoppingCart - Selected the Country
22:39:22.799 [main] INFO  testCases.TC_010_ShoppingCart - Launched chrome Browser
22:39:22.937 [main] INFO  testCases.TC_010_ShoppingCart - Starting TC_010_ShoppingCart
22:39:28.090 [main] INFO  testCases.TC_010_ShoppingCart - Home Page Displayed 
22:39:28.540 [main] INFO  testCases.TC_010_ShoppingCart - Enter Any Product
22:39:31.181 [main] INFO  testCases.TC_010_ShoppingCart - Clicked OnThe Search Button Icon
22:39:39.164 [main] INFO  testCases.TC_010_ShoppingCart - clicked On The Searched Product
22:39:40.300 [main] INFO  testCases.TC_010_ShoppingCart - Clicked On Add To Cart
22:39:42.490 [main] INFO  testCases.TC_010_ShoppingCart - Clicked On Shop Cart
22:39:43.594 [main] INFO  testCases.TC_010_ShoppingCart - Clicked on Use Coupon Code
22:39:44.799 [main] INFO  testCases.TC_010_ShoppingCart - Entered Coupon Code
22:39:45.937 [main] INFO  testCases.TC_010_ShoppingCart - Clickd On Apply Coupon
22:39:49.096 [main] INFO  testCases.TC_010_ShoppingCart - Clicked on the Estimate Shipping And Taxes in DropDown
22:39:50.329 [main] INFO  testCases.TC_010_ShoppingCart - Clicked on The Country DropDown
22:39:51.513 [main] INFO  testCases.TC_010_ShoppingCart - Selected the Country
22:41:20.357 [main] INFO  testCases.TC_010_ShoppingCart - Launched chrome Browser
22:41:22.409 [main] INFO  testCases.TC_010_ShoppingCart - Starting TC_010_ShoppingCart
22:41:27.368 [main] INFO  testCases.TC_010_ShoppingCart - Home Page Displayed 
22:41:27.708 [main] INFO  testCases.TC_010_ShoppingCart - Enter Any Product
22:41:30.097 [main] INFO  testCases.TC_010_ShoppingCart - Clicked OnThe Search Button Icon
22:41:35.206 [main] INFO  testCases.TC_010_ShoppingCart - clicked On The Searched Product
22:41:36.365 [main] INFO  testCases.TC_010_ShoppingCart - Clicked On Add To Cart
22:41:38.411 [main] INFO  testCases.TC_010_ShoppingCart - Clicked On Shop Cart
22:41:39.507 [main] INFO  testCases.TC_010_ShoppingCart - Clicked on Use Coupon Code
22:41:40.810 [main] INFO  testCases.TC_010_ShoppingCart - Entered Coupon Code
22:41:41.923 [main] INFO  testCases.TC_010_ShoppingCart - Clickd On Apply Coupon
22:41:45.035 [main] INFO  testCases.TC_010_ShoppingCart - Clicked on the Estimate Shipping And Taxes in DropDown
22:41:46.252 [main] INFO  testCases.TC_010_ShoppingCart - Clicked on The Country DropDown
22:41:47.491 [main] INFO  testCases.TC_010_ShoppingCart - Selected the Country
09:57:32.924 [main] INFO  testCases.TC_010_ShoppingCart - Launched chrome Browser
09:57:33.152 [main] INFO  testCases.TC_010_ShoppingCart - Starting TC_010_ShoppingCart
09:57:57.083 [main] INFO  testCases.TC_010_ShoppingCart - Home Page Displayed 
09:57:57.675 [main] INFO  testCases.TC_010_ShoppingCart - Enter Any Product
09:58:01.924 [main] INFO  testCases.TC_010_ShoppingCart - Clicked OnThe Search Button Icon
09:58:08.732 [main] INFO  testCases.TC_010_ShoppingCart - clicked On The Searched Product
09:58:09.874 [main] INFO  testCases.TC_010_ShoppingCart - Clicked On Add To Cart
09:58:13.808 [main] INFO  testCases.TC_010_ShoppingCart - Clicked On Shop Cart
09:58:14.906 [main] INFO  testCases.TC_010_ShoppingCart - Clicked on Use Coupon Code
09:58:16.110 [main] INFO  testCases.TC_010_ShoppingCart - Entered Coupon Code
09:58:17.227 [main] INFO  testCases.TC_010_ShoppingCart - Clickd On Apply Coupon
09:58:20.356 [main] INFO  testCases.TC_010_ShoppingCart - Clicked on the Estimate Shipping And Taxes in DropDown
09:58:21.784 [main] INFO  testCases.TC_010_ShoppingCart - Clicked on The Country DropDown
09:58:30.162 [main] INFO  testCases.TC_010_ShoppingCart - Selected the Country
10:17:28.121 [main] INFO  testCases.TC_010_ShoppingCart - Launched chrome Browser
10:17:28.188 [main] INFO  testCases.TC_010_ShoppingCart - Starting TC_010_ShoppingCart
10:17:35.205 [main] INFO  testCases.TC_010_ShoppingCart - Home Page Displayed 
10:17:35.497 [main] INFO  testCases.TC_010_ShoppingCart - Enter Any Product
10:17:37.648 [main] INFO  testCases.TC_010_ShoppingCart - Clicked OnThe Search Button Icon
10:17:42.488 [main] INFO  testCases.TC_010_ShoppingCart - clicked On The Searched Product
10:17:46.583 [main] INFO  testCases.TC_010_ShoppingCart - Clicked On Add To Cart
10:17:48.409 [main] INFO  testCases.TC_010_ShoppingCart - Clicked On Shop Cart
10:17:49.512 [main] INFO  testCases.TC_010_ShoppingCart - Clicked on Use Coupon Code
10:17:50.709 [main] INFO  testCases.TC_010_ShoppingCart - Entered Coupon Code
10:17:51.827 [main] INFO  testCases.TC_010_ShoppingCart - Clickd On Apply Coupon
10:17:54.941 [main] INFO  testCases.TC_010_ShoppingCart - Clicked on the Estimate Shipping And Taxes in DropDown
10:17:56.060 [main] INFO  testCases.TC_010_ShoppingCart - Clicked on The Country DropDown
10:17:57.330 [main] INFO  testCases.TC_010_ShoppingCart - Selected the Country
10:19:28.229 [main] INFO  testCases.TC_010_ShoppingCart - Launched chrome Browser
10:19:28.277 [main] INFO  testCases.TC_010_ShoppingCart - Starting TC_010_ShoppingCart
10:19:33.534 [main] INFO  testCases.TC_010_ShoppingCart - Home Page Displayed 
10:19:33.862 [main] INFO  testCases.TC_010_ShoppingCart - Enter Any Product
10:19:36.563 [main] INFO  testCases.TC_010_ShoppingCart - Clicked OnThe Search Button Icon
10:19:41.584 [main] INFO  testCases.TC_010_ShoppingCart - clicked On The Searched Product
10:19:42.705 [main] INFO  testCases.TC_010_ShoppingCart - Clicked On Add To Cart
10:19:44.955 [main] INFO  testCases.TC_010_ShoppingCart - Clicked On Shop Cart
10:19:46.052 [main] INFO  testCases.TC_010_ShoppingCart - Clicked on Use Coupon Code
10:19:47.223 [main] INFO  testCases.TC_010_ShoppingCart - Entered Coupon Code
10:19:48.334 [main] INFO  testCases.TC_010_ShoppingCart - Clickd On Apply Coupon
10:19:51.442 [main] INFO  testCases.TC_010_ShoppingCart - Clicked on the Estimate Shipping And Taxes in DropDown
10:19:52.628 [main] INFO  testCases.TC_010_ShoppingCart - Clicked on The Country DropDown
10:19:54.170 [main] INFO  testCases.TC_010_ShoppingCart - Selected the Country
11:52:08.371 [main] INFO  testCases.TC_010_ShoppingCart - Launched chrome Browser
11:52:08.448 [main] INFO  testCases.TC_010_ShoppingCart - Starting TC_010_ShoppingCart
11:52:14.801 [main] INFO  testCases.TC_010_ShoppingCart - Home Page Displayed 
11:52:15.093 [main] INFO  testCases.TC_010_ShoppingCart - Enter Any Product
11:52:18.541 [main] INFO  testCases.TC_010_ShoppingCart - Clicked OnThe Search Button Icon
11:52:23.105 [main] INFO  testCases.TC_010_ShoppingCart - clicked On The Searched Product
11:52:24.225 [main] INFO  testCases.TC_010_ShoppingCart - Clicked On Add To Cart
11:52:26.466 [main] INFO  testCases.TC_010_ShoppingCart - Clicked On Shop Cart
11:52:27.573 [main] INFO  testCases.TC_010_ShoppingCart - Clicked on Use Coupon Code
11:52:28.776 [main] INFO  testCases.TC_010_ShoppingCart - Entered Coupon Code
11:52:29.909 [main] INFO  testCases.TC_010_ShoppingCart - Clickd On Apply Coupon
11:52:33.028 [main] INFO  testCases.TC_010_ShoppingCart - Clicked on the Estimate Shipping And Taxes in DropDown
11:52:34.207 [main] INFO  testCases.TC_010_ShoppingCart - Clicked on The Country DropDown
11:52:35.449 [main] INFO  testCases.TC_010_ShoppingCart - Selected the Country
11:53:44.867 [main] INFO  testCases.TC_010_ShoppingCart - Launched chrome Browser
11:53:44.908 [main] INFO  testCases.TC_010_ShoppingCart - Starting TC_010_ShoppingCart
11:53:49.582 [main] INFO  testCases.TC_010_ShoppingCart - Home Page Displayed 
11:53:49.865 [main] INFO  testCases.TC_010_ShoppingCart - Enter Any Product
11:53:52.481 [main] INFO  testCases.TC_010_ShoppingCart - Clicked OnThe Search Button Icon
11:53:57.292 [main] INFO  testCases.TC_010_ShoppingCart - clicked On The Searched Product
11:53:58.436 [main] INFO  testCases.TC_010_ShoppingCart - Clicked On Add To Cart
11:54:00.742 [main] INFO  testCases.TC_010_ShoppingCart - Clicked On Shop Cart
11:54:01.839 [main] INFO  testCases.TC_010_ShoppingCart - Clicked on Use Coupon Code
11:54:03.032 [main] INFO  testCases.TC_010_ShoppingCart - Entered Coupon Code
11:54:04.163 [main] INFO  testCases.TC_010_ShoppingCart - Clickd On Apply Coupon
11:54:07.277 [main] INFO  testCases.TC_010_ShoppingCart - Clicked on the Estimate Shipping And Taxes in DropDown
11:54:08.474 [main] INFO  testCases.TC_010_ShoppingCart - Clicked on The Country DropDown
11:54:09.656 [main] INFO  testCases.TC_010_ShoppingCart - Selected the Country
11:54:12.783 [main] INFO  testCases.TC_010_ShoppingCart - Clicked On The Select State
11:54:48.928 [main] INFO  testCases.TC_010_ShoppingCart - Launched chrome Browser
11:54:48.990 [main] INFO  testCases.TC_010_ShoppingCart - Starting TC_010_ShoppingCart
11:54:53.036 [main] INFO  testCases.TC_010_ShoppingCart - Home Page Displayed 
11:54:53.462 [main] INFO  testCases.TC_010_ShoppingCart - Enter Any Product
11:54:55.569 [main] INFO  testCases.TC_010_ShoppingCart - Clicked OnThe Search Button Icon
11:55:00.313 [main] INFO  testCases.TC_010_ShoppingCart - clicked On The Searched Product
11:55:01.454 [main] INFO  testCases.TC_010_ShoppingCart - Clicked On Add To Cart
11:55:03.849 [main] INFO  testCases.TC_010_ShoppingCart - Clicked On Shop Cart
11:55:05.056 [main] INFO  testCases.TC_010_ShoppingCart - Clicked on Use Coupon Code
11:55:06.276 [main] INFO  testCases.TC_010_ShoppingCart - Entered Coupon Code
11:55:07.388 [main] INFO  testCases.TC_010_ShoppingCart - Clickd On Apply Coupon
11:55:10.495 [main] INFO  testCases.TC_010_ShoppingCart - Clicked on the Estimate Shipping And Taxes in DropDown
11:55:11.692 [main] INFO  testCases.TC_010_ShoppingCart - Clicked on The Country DropDown
11:55:12.871 [main] INFO  testCases.TC_010_ShoppingCart - Selected the Country
11:55:15.989 [main] INFO  testCases.TC_010_ShoppingCart - Clicked On The Select State
11:57:07.950 [main] INFO  testCases.TC_010_ShoppingCart - Launched chrome Browser
11:57:07.993 [main] INFO  testCases.TC_010_ShoppingCart - Starting TC_010_ShoppingCart
11:57:12.292 [main] INFO  testCases.TC_010_ShoppingCart - Home Page Displayed 
11:57:12.709 [main] INFO  testCases.TC_010_ShoppingCart - Enter Any Product
11:57:14.673 [main] INFO  testCases.TC_010_ShoppingCart - Clicked OnThe Search Button Icon
11:57:19.798 [main] INFO  testCases.TC_010_ShoppingCart - clicked On The Searched Product
11:57:20.941 [main] INFO  testCases.TC_010_ShoppingCart - Clicked On Add To Cart
11:57:23.564 [main] INFO  testCases.TC_010_ShoppingCart - Clicked On Shop Cart
11:57:24.695 [main] INFO  testCases.TC_010_ShoppingCart - Clicked on Use Coupon Code
11:57:25.907 [main] INFO  testCases.TC_010_ShoppingCart - Entered Coupon Code
11:57:27.034 [main] INFO  testCases.TC_010_ShoppingCart - Clickd On Apply Coupon
11:57:30.152 [main] INFO  testCases.TC_010_ShoppingCart - Clicked on the Estimate Shipping And Taxes in DropDown
11:57:31.405 [main] INFO  testCases.TC_010_ShoppingCart - Clicked on The Country DropDown
11:57:32.591 [main] INFO  testCases.TC_010_ShoppingCart - Selected the Country
11:57:35.724 [main] INFO  testCases.TC_010_ShoppingCart - Clicked On The Select State
12:06:48.783 [main] INFO  testCases.TC_010_ShoppingCart - Launched chrome Browser
12:06:48.827 [main] INFO  testCases.TC_010_ShoppingCart - Starting TC_010_ShoppingCart
12:06:53.670 [main] INFO  testCases.TC_010_ShoppingCart - Home Page Displayed 
12:06:54.036 [main] INFO  testCases.TC_010_ShoppingCart - Enter Any Product
12:06:56.356 [main] INFO  testCases.TC_010_ShoppingCart - Clicked OnThe Search Button Icon
12:07:00.183 [main] INFO  testCases.TC_010_ShoppingCart - clicked On The Searched Product
12:07:01.318 [main] INFO  testCases.TC_010_ShoppingCart - Clicked On Add To Cart
12:07:04.800 [main] INFO  testCases.TC_010_ShoppingCart - Clicked On Shop Cart
12:07:05.939 [main] INFO  testCases.TC_010_ShoppingCart - Clicked on Use Coupon Code
12:07:07.130 [main] INFO  testCases.TC_010_ShoppingCart - Entered Coupon Code
12:07:08.251 [main] INFO  testCases.TC_010_ShoppingCart - Clickd On Apply Coupon
12:07:11.384 [main] INFO  testCases.TC_010_ShoppingCart - Clicked on the Estimate Shipping And Taxes in DropDown
12:07:12.631 [main] INFO  testCases.TC_010_ShoppingCart - Clicked on The Country DropDown
12:07:13.801 [main] INFO  testCases.TC_010_ShoppingCart - Selected the Country
12:07:16.921 [main] INFO  testCases.TC_010_ShoppingCart - Clicked On The Select State
12:08:58.390 [main] INFO  testCases.TC_010_ShoppingCart - Launched chrome Browser
12:08:58.531 [main] INFO  testCases.TC_010_ShoppingCart - Starting TC_010_ShoppingCart
12:09:03.975 [main] INFO  testCases.TC_010_ShoppingCart - Home Page Displayed 
12:09:04.323 [main] INFO  testCases.TC_010_ShoppingCart - Enter Any Product
12:09:06.841 [main] INFO  testCases.TC_010_ShoppingCart - Clicked OnThe Search Button Icon
12:09:11.711 [main] INFO  testCases.TC_010_ShoppingCart - clicked On The Searched Product
12:09:13.007 [main] INFO  testCases.TC_010_ShoppingCart - Clicked On Add To Cart
12:09:14.977 [main] INFO  testCases.TC_010_ShoppingCart - Clicked On Shop Cart
12:09:16.087 [main] INFO  testCases.TC_010_ShoppingCart - Clicked on Use Coupon Code
12:09:17.299 [main] INFO  testCases.TC_010_ShoppingCart - Entered Coupon Code
12:09:18.428 [main] INFO  testCases.TC_010_ShoppingCart - Clickd On Apply Coupon
12:09:21.554 [main] INFO  testCases.TC_010_ShoppingCart - Clicked on the Estimate Shipping And Taxes in DropDown
12:09:22.704 [main] INFO  testCases.TC_010_ShoppingCart - Clicked on The Country DropDown
12:09:23.870 [main] INFO  testCases.TC_010_ShoppingCart - Selected the Country
12:09:27.023 [main] INFO  testCases.TC_010_ShoppingCart - Clicked On The Select State
12:10:34.312 [main] INFO  testCases.TC_010_ShoppingCart - Launched chrome Browser
12:10:34.363 [main] INFO  testCases.TC_010_ShoppingCart - Starting TC_010_ShoppingCart
12:10:37.991 [main] INFO  testCases.TC_010_ShoppingCart - Home Page Displayed 
12:10:38.351 [main] INFO  testCases.TC_010_ShoppingCart - Enter Any Product
12:10:40.349 [main] INFO  testCases.TC_010_ShoppingCart - Clicked OnThe Search Button Icon
12:10:44.890 [main] INFO  testCases.TC_010_ShoppingCart - clicked On The Searched Product
12:10:46.022 [main] INFO  testCases.TC_010_ShoppingCart - Clicked On Add To Cart
12:10:48.048 [main] INFO  testCases.TC_010_ShoppingCart - Clicked On Shop Cart
12:10:49.155 [main] INFO  testCases.TC_010_ShoppingCart - Clicked on Use Coupon Code
12:10:50.330 [main] INFO  testCases.TC_010_ShoppingCart - Entered Coupon Code
12:10:51.446 [main] INFO  testCases.TC_010_ShoppingCart - Clickd On Apply Coupon
12:10:54.557 [main] INFO  testCases.TC_010_ShoppingCart - Clicked on the Estimate Shipping And Taxes in DropDown
12:10:55.831 [main] INFO  testCases.TC_010_ShoppingCart - Clicked on The Country DropDown
12:10:57.005 [main] INFO  testCases.TC_010_ShoppingCart - Selected the Country
12:17:07.639 [main] INFO  testCases.TC_010_ShoppingCart - Launched chrome Browser
12:17:07.688 [main] INFO  testCases.TC_010_ShoppingCart - Starting TC_010_ShoppingCart
12:17:13.348 [main] INFO  testCases.TC_010_ShoppingCart - Home Page Displayed 
12:17:13.634 [main] INFO  testCases.TC_010_ShoppingCart - Enter Any Product
12:17:16.390 [main] INFO  testCases.TC_010_ShoppingCart - Clicked OnThe Search Button Icon
12:17:20.631 [main] INFO  testCases.TC_010_ShoppingCart - clicked On The Searched Product
12:17:21.924 [main] INFO  testCases.TC_010_ShoppingCart - Clicked On Add To Cart
12:17:23.870 [main] INFO  testCases.TC_010_ShoppingCart - Clicked On Shop Cart
12:17:25.005 [main] INFO  testCases.TC_010_ShoppingCart - Clicked on Use Coupon Code
12:17:26.204 [main] INFO  testCases.TC_010_ShoppingCart - Entered Coupon Code
12:17:27.309 [main] INFO  testCases.TC_010_ShoppingCart - Clickd On Apply Coupon
12:17:30.442 [main] INFO  testCases.TC_010_ShoppingCart - Clicked on the Estimate Shipping And Taxes in DropDown
12:17:31.636 [main] INFO  testCases.TC_010_ShoppingCart - Clicked on The Country DropDown
12:17:32.803 [main] INFO  testCases.TC_010_ShoppingCart - Selected the Country
12:30:36.950 [main] INFO  testCases.TC_010_ShoppingCart - Launched chrome Browser
12:30:37.013 [main] INFO  testCases.TC_010_ShoppingCart - Starting TC_010_ShoppingCart
