16:53:23.781 [main] INFO  testCases.TC_003_LoginDDT - Clicked on Login
16:53:24.007 [main] INFO  testCases.TC_003_LoginDDT -  Finished TC_003_LoginDDT 
16:53:24.051 [main] INFO  testCases.TC_003_LoginDDT -  Starting TC_003_LoginDDT 
16:53:24.964 [main] INFO  testCases.TC_003_LoginDDT - Home Page Displayed 
16:53:25.095 [main] INFO  testCases.TC_003_LoginDDT - Clicked on My Account 
16:53:45.163 [main] FATAL testCases.TC_003_LoginDDT - Login Failed 
16:53:45.187 [main] INFO  testCases.TC_003_LoginDDT -  Starting TC_003_LoginDDT 
16:53:46.010 [main] INFO  testCases.TC_003_LoginDDT - Home Page Displayed 
16:53:46.135 [main] INFO  testCases.TC_003_LoginDDT - Clicked on My Account 
16:54:06.196 [main] FATAL testCases.TC_003_LoginDDT - Login Failed 
16:54:06.201 [main] INFO  testCases.TC_003_LoginDDT -  Starting TC_003_LoginDDT 
16:54:07.438 [main] INFO  testCases.TC_003_LoginDDT - Home Page Displayed 
16:54:07.546 [main] INFO  testCases.TC_003_LoginDDT - Clicked on My Account 
16:54:27.601 [main] FATAL testCases.TC_003_LoginDDT - Login Failed 
18:22:25.779 [main] INFO  testCases.TC_003_LoginDDT -  Starting TC_003_LoginDDT 
18:22:40.915 [main] INFO  testCases.TC_003_LoginDDT - Home Page Displayed 
18:22:42.012 [main] INFO  testCases.TC_003_LoginDDT - Clicked on My Account 
18:22:43.131 [main] INFO  testCases.TC_003_LoginDDT - Clicked on Login 
18:22:43.391 [main] INFO  testCases.TC_003_LoginDDT - Provided Email 
18:22:43.546 [main] INFO  testCases.TC_003_LoginDDT - Provided Password 
18:22:45.863 [main] INFO  testCases.TC_003_LoginDDT - Clicked on Login
18:22:45.959 [main] INFO  testCases.TC_003_LoginDDT -  Finished TC_003_LoginDDT 
18:22:46.007 [main] INFO  testCases.TC_003_LoginDDT -  Starting TC_003_LoginDDT 
18:22:46.727 [main] INFO  testCases.TC_003_LoginDDT - Home Page Displayed 
18:22:46.843 [main] INFO  testCases.TC_003_LoginDDT - Clicked on My Account 
18:23:06.899 [main] FATAL testCases.TC_003_LoginDDT - Login Failed 
18:23:06.918 [main] INFO  testCases.TC_003_LoginDDT -  Starting TC_003_LoginDDT 
18:23:07.717 [main] INFO  testCases.TC_003_LoginDDT - Home Page Displayed 
18:23:07.841 [main] INFO  testCases.TC_003_LoginDDT - Clicked on My Account 
18:23:27.872 [main] FATAL testCases.TC_003_LoginDDT - Login Failed 
18:23:27.877 [main] INFO  testCases.TC_003_LoginDDT -  Starting TC_003_LoginDDT 
18:23:29.990 [main] INFO  testCases.TC_003_LoginDDT - Home Page Displayed 
18:23:30.122 [main] INFO  testCases.TC_003_LoginDDT - Clicked on My Account 
18:23:50.144 [main] FATAL testCases.TC_003_LoginDDT - Login Failed 
21:17:08.927 [main] INFO  testCases.TC_003_LoginDDT -  Starting TC_003_LoginDDT 
21:17:14.257 [main] INFO  testCases.TC_003_LoginDDT - Home Page Displayed 
21:17:15.975 [main] INFO  testCases.TC_003_LoginDDT - Clicked on My Account 
21:17:17.061 [main] INFO  testCases.TC_003_LoginDDT - Clicked on Login 
21:17:17.333 [main] INFO  testCases.TC_003_LoginDDT - Provided Email 
21:17:17.482 [main] INFO  testCases.TC_003_LoginDDT - Provided Password 
21:17:18.731 [main] INFO  testCases.TC_003_LoginDDT - Clicked on Login
21:17:38.819 [main] INFO  testCases.TC_003_LoginDDT -  Finished TC_003_LoginDDT 
21:17:38.874 [main] INFO  testCases.TC_003_LoginDDT -  Starting TC_003_LoginDDT 
21:17:39.576 [main] INFO  testCases.TC_003_LoginDDT - Home Page Displayed 
21:17:39.694 [main] INFO  testCases.TC_003_LoginDDT - Clicked on My Account 
21:17:40.331 [main] INFO  testCases.TC_003_LoginDDT - Clicked on Login 
21:17:40.527 [main] INFO  testCases.TC_003_LoginDDT - Provided Email 
21:17:40.673 [main] INFO  testCases.TC_003_LoginDDT - Provided Password 
21:17:41.787 [main] INFO  testCases.TC_003_LoginDDT - Clicked on Login
21:18:01.866 [main] INFO  testCases.TC_003_LoginDDT -  Finished TC_003_LoginDDT 
21:18:01.874 [main] INFO  testCases.TC_003_LoginDDT -  Starting TC_003_LoginDDT 
21:18:02.446 [main] INFO  testCases.TC_003_LoginDDT - Home Page Displayed 
21:18:02.563 [main] INFO  testCases.TC_003_LoginDDT - Clicked on My Account 
21:18:04.211 [main] INFO  testCases.TC_003_LoginDDT - Clicked on Login 
21:18:04.411 [main] INFO  testCases.TC_003_LoginDDT - Provided Email 
21:18:04.544 [main] INFO  testCases.TC_003_LoginDDT - Provided Password 
21:18:05.323 [main] INFO  testCases.TC_003_LoginDDT - Clicked on Login
21:18:25.400 [main] INFO  testCases.TC_003_LoginDDT -  Finished TC_003_LoginDDT 
21:50:41.546 [main] INFO  testCases.TC_003_LoginDDT -  Starting TC_003_LoginDDT 
21:50:50.605 [main] FATAL testCases.TC_003_LoginDDT - Login Failed 
21:50:50.648 [main] INFO  testCases.TC_003_LoginDDT -  Starting TC_003_LoginDDT 
21:50:58.636 [main] FATAL testCases.TC_003_LoginDDT - Login Failed 
21:50:58.652 [main] INFO  testCases.TC_003_LoginDDT -  Starting TC_003_LoginDDT 
21:51:03.254 [main] FATAL testCases.TC_003_LoginDDT - Login Failed 
21:51:03.259 [main] INFO  testCases.TC_003_LoginDDT -  Starting TC_003_LoginDDT 
21:51:11.215 [main] FATAL testCases.TC_003_LoginDDT - Login Failed 
21:52:52.343 [main] INFO  testCases.TC_003_LoginDDT -  Starting TC_003_LoginDDT 
21:52:56.782 [main] INFO  testCases.TC_003_LoginDDT - Home Page Displayed 
21:52:57.913 [main] INFO  testCases.TC_003_LoginDDT - Clicked on My Account 
21:52:58.880 [main] INFO  testCases.TC_003_LoginDDT - Clicked on Login 
21:52:59.152 [main] INFO  testCases.TC_003_LoginDDT - Provided Email 
21:52:59.296 [main] INFO  testCases.TC_003_LoginDDT - Provided Password 
21:53:01.111 [main] INFO  testCases.TC_003_LoginDDT - Clicked on Login
21:53:01.288 [main] INFO  testCases.TC_003_LoginDDT -  Finished TC_003_LoginDDT 
21:53:01.334 [main] INFO  testCases.TC_003_LoginDDT -  Starting TC_003_LoginDDT 
21:53:02.445 [main] INFO  testCases.TC_003_LoginDDT - Home Page Displayed 
21:53:02.590 [main] INFO  testCases.TC_003_LoginDDT - Clicked on My Account 
21:53:22.642 [main] FATAL testCases.TC_003_LoginDDT - Login Failed 
21:53:22.670 [main] INFO  testCases.TC_003_LoginDDT -  Starting TC_003_LoginDDT 
21:53:23.391 [main] INFO  testCases.TC_003_LoginDDT - Home Page Displayed 
21:53:23.630 [main] FATAL testCases.TC_003_LoginDDT - Login Failed 
21:53:23.644 [main] INFO  testCases.TC_003_LoginDDT -  Starting TC_003_LoginDDT 
21:53:24.343 [main] INFO  testCases.TC_003_LoginDDT - Home Page Displayed 
21:53:24.468 [main] INFO  testCases.TC_003_LoginDDT - Clicked on My Account 
21:53:44.491 [main] FATAL testCases.TC_003_LoginDDT - Login Failed 
22:00:40.895 [main] INFO  testCases.TC_003_LoginDDT -  Starting TC_003_LoginDDT 
22:00:44.852 [main] INFO  testCases.TC_003_LoginDDT - Home Page Displayed 
22:00:46.599 [main] INFO  testCases.TC_003_LoginDDT - Clicked on My Account 
22:00:47.836 [main] INFO  testCases.TC_003_LoginDDT - Clicked on Login 
22:00:48.101 [main] INFO  testCases.TC_003_LoginDDT - Provided Email 
22:00:48.239 [main] INFO  testCases.TC_003_LoginDDT - Provided Password 
22:00:49.069 [main] INFO  testCases.TC_003_LoginDDT - Clicked on Login
22:01:09.136 [main] INFO  testCases.TC_003_LoginDDT -  Finished TC_003_LoginDDT 
22:01:09.181 [main] INFO  testCases.TC_003_LoginDDT -  Starting TC_003_LoginDDT 
22:01:09.958 [main] INFO  testCases.TC_003_LoginDDT - Home Page Displayed 
22:01:10.084 [main] INFO  testCases.TC_003_LoginDDT - Clicked on My Account 
22:01:11.092 [main] INFO  testCases.TC_003_LoginDDT - Clicked on Login 
22:01:11.387 [main] INFO  testCases.TC_003_LoginDDT - Provided Email 
22:01:11.631 [main] INFO  testCases.TC_003_LoginDDT - Provided Password 
22:01:12.621 [main] INFO  testCases.TC_003_LoginDDT - Clicked on Login
22:01:32.638 [main] INFO  testCases.TC_003_LoginDDT -  Finished TC_003_LoginDDT 
22:01:32.643 [main] INFO  testCases.TC_003_LoginDDT -  Starting TC_003_LoginDDT 
22:01:33.357 [main] INFO  testCases.TC_003_LoginDDT - Home Page Displayed 
22:01:33.492 [main] INFO  testCases.TC_003_LoginDDT - Clicked on My Account 
22:01:34.442 [main] INFO  testCases.TC_003_LoginDDT - Clicked on Login 
22:01:34.665 [main] INFO  testCases.TC_003_LoginDDT - Provided Email 
22:01:34.791 [main] INFO  testCases.TC_003_LoginDDT - Provided Password 
22:01:35.857 [main] INFO  testCases.TC_003_LoginDDT - Clicked on Login
22:01:55.900 [main] INFO  testCases.TC_003_LoginDDT -  Finished TC_003_LoginDDT 
22:12:29.258 [main] INFO  testCases.TC_003_LoginDDT -  Starting TC_003_LoginDDT 
22:12:31.674 [main] INFO  testCases.TC_003_LoginDDT - Home Page Displayed 
22:12:32.305 [main] INFO  testCases.TC_003_LoginDDT - Clicked on My Account 
22:12:33.223 [main] INFO  testCases.TC_003_LoginDDT - Clicked on Login 
22:12:33.530 [main] INFO  testCases.TC_003_LoginDDT - Provided Email 
22:12:33.688 [main] INFO  testCases.TC_003_LoginDDT - Provided Password 
22:12:34.802 [main] INFO  testCases.TC_003_LoginDDT - Clicked on Login
22:12:34.888 [main] INFO  testCases.TC_003_LoginDDT -  Finished TC_003_LoginDDT 
22:12:34.933 [main] INFO  testCases.TC_003_LoginDDT -  Starting TC_003_LoginDDT 
22:12:35.695 [main] INFO  testCases.TC_003_LoginDDT - Home Page Displayed 
22:12:35.838 [main] INFO  testCases.TC_003_LoginDDT - Clicked on My Account 
22:12:55.895 [main] FATAL testCases.TC_003_LoginDDT - Login Failed 
22:12:55.912 [main] INFO  testCases.TC_003_LoginDDT -  Starting TC_003_LoginDDT 
22:12:56.767 [main] INFO  testCases.TC_003_LoginDDT - Home Page Displayed 
22:12:56.886 [main] INFO  testCases.TC_003_LoginDDT - Clicked on My Account 
22:13:16.921 [main] FATAL testCases.TC_003_LoginDDT - Login Failed 
22:13:16.935 [main] INFO  testCases.TC_003_LoginDDT -  Starting TC_003_LoginDDT 
22:13:17.683 [main] INFO  testCases.TC_003_LoginDDT - Home Page Displayed 
22:13:17.791 [main] INFO  testCases.TC_003_LoginDDT - Clicked on My Account 
22:13:37.857 [main] FATAL testCases.TC_003_LoginDDT - Login Failed 
22:17:32.111 [main] INFO  testCases.TC_001_AccountRegistrationPage - Starting TC_001_AccountRegistrationPage
22:17:37.493 [main] INFO  testCases.TC_001_AccountRegistrationPage - Clicking on MyAccount under Register Link 
22:17:40.071 [main] INFO  testCases.TC_001_AccountRegistrationPage - Provided Customer First Name
22:17:40.264 [main] INFO  testCases.TC_001_AccountRegistrationPage - Provided Customer Last Name
22:17:40.412 [main] INFO  testCases.TC_001_AccountRegistrationPage - Provided Customer Gmail
22:17:40.601 [main] INFO  testCases.TC_001_AccountRegistrationPage - Provided Customer Telephone Number
22:17:40.745 [main] INFO  testCases.TC_001_AccountRegistrationPage - Set Password and Confirm Password
22:17:41.034 [main] INFO  testCases.TC_001_AccountRegistrationPage - Clicked On Privacy Policy
22:17:41.140 [main] INFO  testCases.TC_001_AccountRegistrationPage - Clicked On Continue Button
22:17:46.365 [main] INFO  testCases.TC_001_AccountRegistrationPage - Provided Login Information
22:17:46.365 [main] INFO  testCases.TC_001_AccountRegistrationPage - Registration Test Passed
22:17:49.478 [main] INFO  testCases.TC_002_Login -  Starting TC_002_Login 
22:17:53.330 [main] INFO  testCases.TC_002_Login - Home Page Displayed 
22:17:53.621 [main] INFO  testCases.TC_002_Login - Clicked on My Account 
22:17:54.323 [main] INFO  testCases.TC_002_Login - Clicked on Login 
22:17:54.562 [main] INFO  testCases.TC_002_Login - Provided Email 
22:17:54.705 [main] INFO  testCases.TC_002_Login - Provided Password 
22:17:55.558 [main] INFO  testCases.TC_002_Login - Clicked on Login
22:17:55.680 [main] INFO  testCases.TC_002_Login - Login Success 
22:17:55.680 [main] INFO  testCases.TC_002_Login -  Finished TC_002_Login 
22:19:56.663 [main] INFO  testCases.TC_001_AccountRegistrationPage - Starting TC_001_AccountRegistrationPage
22:20:00.365 [main] INFO  testCases.TC_001_AccountRegistrationPage - Clicking on MyAccount under Register Link 
22:20:01.964 [main] INFO  testCases.TC_001_AccountRegistrationPage - Provided Customer First Name
22:20:02.149 [main] INFO  testCases.TC_001_AccountRegistrationPage - Provided Customer Last Name
22:20:02.314 [main] INFO  testCases.TC_001_AccountRegistrationPage - Provided Customer Gmail
22:20:02.466 [main] INFO  testCases.TC_001_AccountRegistrationPage - Provided Customer Telephone Number
22:20:02.599 [main] INFO  testCases.TC_001_AccountRegistrationPage - Set Password and Confirm Password
22:20:02.884 [main] INFO  testCases.TC_001_AccountRegistrationPage - Clicked On Privacy Policy
22:20:02.979 [main] INFO  testCases.TC_001_AccountRegistrationPage - Clicked On Continue Button
22:20:05.879 [main] INFO  testCases.TC_001_AccountRegistrationPage - Provided Login Information
22:20:05.879 [main] INFO  testCases.TC_001_AccountRegistrationPage - Registration Test Passed
22:20:10.212 [main] INFO  testCases.TC_002_Login -  Starting TC_002_Login 
22:20:14.462 [main] INFO  testCases.TC_002_Login - Home Page Displayed 
22:20:15.229 [main] INFO  testCases.TC_002_Login - Clicked on My Account 
22:20:16.145 [main] INFO  testCases.TC_002_Login - Clicked on Login 
22:20:16.439 [main] INFO  testCases.TC_002_Login - Provided Email 
22:20:16.614 [main] INFO  testCases.TC_002_Login - Provided Password 
22:20:17.702 [main] INFO  testCases.TC_002_Login - Clicked on Login
22:20:17.791 [main] INFO  testCases.TC_002_Login - Login Success 
22:20:17.791 [main] INFO  testCases.TC_002_Login -  Finished TC_002_Login 
22:20:24.958 [main] INFO  testCases.TC_003_LoginDDT -  Starting TC_003_LoginDDT 
22:20:29.097 [main] INFO  testCases.TC_003_LoginDDT - Home Page Displayed 
22:20:30.088 [main] INFO  testCases.TC_003_LoginDDT - Clicked on My Account 
22:20:31.007 [main] INFO  testCases.TC_003_LoginDDT - Clicked on Login 
22:20:31.212 [main] INFO  testCases.TC_003_LoginDDT - Provided Email 
22:20:31.362 [main] INFO  testCases.TC_003_LoginDDT - Provided Password 
22:20:32.611 [main] INFO  testCases.TC_003_LoginDDT - Clicked on Login
22:20:32.690 [main] INFO  testCases.TC_003_LoginDDT -  Finished TC_003_LoginDDT 
22:20:32.695 [main] INFO  testCases.TC_003_LoginDDT -  Starting TC_003_LoginDDT 
22:20:33.718 [main] INFO  testCases.TC_003_LoginDDT - Home Page Displayed 
22:20:33.844 [main] INFO  testCases.TC_003_LoginDDT - Clicked on My Account 
22:20:53.925 [main] FATAL testCases.TC_003_LoginDDT - Login Failed 
22:20:53.934 [main] INFO  testCases.TC_003_LoginDDT -  Starting TC_003_LoginDDT 
22:20:55.029 [main] INFO  testCases.TC_003_LoginDDT - Home Page Displayed 
22:20:55.134 [main] INFO  testCases.TC_003_LoginDDT - Clicked on My Account 
22:21:15.183 [main] FATAL testCases.TC_003_LoginDDT - Login Failed 
22:21:15.187 [main] INFO  testCases.TC_003_LoginDDT -  Starting TC_003_LoginDDT 
22:21:16.289 [main] INFO  testCases.TC_003_LoginDDT - Home Page Displayed 
22:21:16.407 [main] INFO  testCases.TC_003_LoginDDT - Clicked on My Account 
22:21:36.475 [main] FATAL testCases.TC_003_LoginDDT - Login Failed 
09:06:36.197 [main] INFO  testCases.TC_001_AccountRegistrationPage - Starting TC_001_AccountRegistrationPage
09:07:01.260 [main] INFO  testCases.TC_001_AccountRegistrationPage - Clicking on MyAccount under Register Link 
09:07:04.424 [main] INFO  testCases.TC_001_AccountRegistrationPage - Provided Customer First Name
09:07:04.654 [main] INFO  testCases.TC_001_AccountRegistrationPage - Provided Customer Last Name
09:07:04.891 [main] INFO  testCases.TC_001_AccountRegistrationPage - Provided Customer Gmail
09:07:05.044 [main] INFO  testCases.TC_001_AccountRegistrationPage - Provided Customer Telephone Number
09:07:05.196 [main] INFO  testCases.TC_001_AccountRegistrationPage - Set Password and Confirm Password
09:07:05.492 [main] INFO  testCases.TC_001_AccountRegistrationPage - Clicked On Privacy Policy
09:07:05.596 [main] INFO  testCases.TC_001_AccountRegistrationPage - Clicked On Continue Button
09:07:11.081 [main] INFO  testCases.TC_001_AccountRegistrationPage - Provided Login Information
09:07:11.082 [main] INFO  testCases.TC_001_AccountRegistrationPage - Registration Test Passed
09:07:15.166 [main] INFO  testCases.TC_002_Login -  Starting TC_002_Login 
09:07:21.858 [main] INFO  testCases.TC_002_Login - Home Page Displayed 
09:07:22.259 [main] INFO  testCases.TC_002_Login - Clicked on My Account 
09:07:23.158 [main] INFO  testCases.TC_002_Login - Clicked on Login 
09:07:23.484 [main] INFO  testCases.TC_002_Login - Provided Email 
09:07:23.651 [main] INFO  testCases.TC_002_Login - Provided Password 
09:07:25.213 [main] INFO  testCases.TC_002_Login - Clicked on Login
09:07:25.310 [main] INFO  testCases.TC_002_Login - Login Success 
09:07:25.310 [main] INFO  testCases.TC_002_Login -  Finished TC_002_Login 
09:07:31.242 [main] INFO  testCases.TC_003_LoginDDT -  Starting TC_003_LoginDDT 
09:07:35.797 [main] INFO  testCases.TC_003_LoginDDT - Home Page Displayed 
09:07:36.138 [main] INFO  testCases.TC_003_LoginDDT - Clicked on My Account 
09:07:37.221 [main] INFO  testCases.TC_003_LoginDDT - Clicked on Login 
09:07:37.410 [main] INFO  testCases.TC_003_LoginDDT - Provided Email 
09:07:37.573 [main] INFO  testCases.TC_003_LoginDDT - Provided Password 
09:07:39.154 [main] INFO  testCases.TC_003_LoginDDT - Clicked on Login
09:07:39.248 [main] INFO  testCases.TC_003_LoginDDT - Login Success 
09:07:43.419 [main] INFO  testCases.TC_003_LoginDDT -  Finished TC_003_LoginDDT 
09:07:43.423 [main] INFO  testCases.TC_003_LoginDDT -  Starting TC_003_LoginDDT 
09:07:44.978 [main] INFO  testCases.TC_003_LoginDDT - Home Page Displayed 
09:07:45.107 [main] INFO  testCases.TC_003_LoginDDT - Clicked on My Account 
09:07:45.776 [main] INFO  testCases.TC_003_LoginDDT - Clicked on Login 
09:07:45.989 [main] INFO  testCases.TC_003_LoginDDT - Provided Email 
09:07:46.122 [main] INFO  testCases.TC_003_LoginDDT - Provided Password 
09:07:47.148 [main] INFO  testCases.TC_003_LoginDDT - Clicked on Login
09:08:07.216 [main] ERROR testCases.TC_003_LoginDDT - Login Failed 
09:08:07.216 [main] INFO  testCases.TC_003_LoginDDT -  Finished TC_003_LoginDDT 
09:08:07.221 [main] INFO  testCases.TC_003_LoginDDT -  Starting TC_003_LoginDDT 
09:08:08.153 [main] INFO  testCases.TC_003_LoginDDT - Home Page Displayed 
09:08:08.303 [main] INFO  testCases.TC_003_LoginDDT - Clicked on My Account 
09:08:09.371 [main] INFO  testCases.TC_003_LoginDDT - Clicked on Login 
09:08:09.567 [main] INFO  testCases.TC_003_LoginDDT - Provided Email 
09:08:09.803 [main] INFO  testCases.TC_003_LoginDDT - Provided Password 
09:08:11.507 [main] INFO  testCases.TC_003_LoginDDT - Clicked on Login
09:08:31.588 [main] ERROR testCases.TC_003_LoginDDT - Login Failed 
09:08:31.588 [main] INFO  testCases.TC_003_LoginDDT -  Finished TC_003_LoginDDT 
09:08:31.594 [main] INFO  testCases.TC_003_LoginDDT -  Starting TC_003_LoginDDT 
09:08:32.604 [main] INFO  testCases.TC_003_LoginDDT - Home Page Displayed 
09:08:32.730 [main] INFO  testCases.TC_003_LoginDDT - Clicked on My Account 
09:08:33.705 [main] INFO  testCases.TC_003_LoginDDT - Clicked on Login 
09:08:33.881 [main] INFO  testCases.TC_003_LoginDDT - Provided Email 
09:08:34.021 [main] INFO  testCases.TC_003_LoginDDT - Provided Password 
09:08:34.946 [main] INFO  testCases.TC_003_LoginDDT - Clicked on Login
09:08:54.974 [main] ERROR testCases.TC_003_LoginDDT - Login Failed 
09:08:54.974 [main] INFO  testCases.TC_003_LoginDDT -  Finished TC_003_LoginDDT 
09:24:54.987 [main] INFO  testCases.TC_001_AccountRegistrationPage - Starting TC_001_AccountRegistrationPage
09:25:03.245 [main] INFO  testCases.TC_001_AccountRegistrationPage - Clicking on MyAccount under Register Link 
09:25:04.671 [main] INFO  testCases.TC_001_AccountRegistrationPage - Provided Customer First Name
09:25:04.843 [main] INFO  testCases.TC_001_AccountRegistrationPage - Provided Customer Last Name
09:25:04.995 [main] INFO  testCases.TC_001_AccountRegistrationPage - Provided Customer Gmail
09:25:05.163 [main] INFO  testCases.TC_001_AccountRegistrationPage - Provided Customer Telephone Number
09:25:05.306 [main] INFO  testCases.TC_001_AccountRegistrationPage - Set Password and Confirm Password
09:25:05.591 [main] INFO  testCases.TC_001_AccountRegistrationPage - Clicked On Privacy Policy
09:25:05.700 [main] INFO  testCases.TC_001_AccountRegistrationPage - Clicked On Continue Button
09:25:08.713 [main] INFO  testCases.TC_001_AccountRegistrationPage - Provided Login Information
09:25:08.713 [main] INFO  testCases.TC_001_AccountRegistrationPage - Registration Test Passed
09:25:12.102 [main] INFO  testCases.TC_002_Login -  Starting TC_002_Login 
09:25:18.166 [main] INFO  testCases.TC_002_Login - Home Page Displayed 
09:25:18.994 [main] INFO  testCases.TC_002_Login - Clicked on My Account 
09:25:19.908 [main] INFO  testCases.TC_002_Login - Clicked on Login 
09:25:20.110 [main] INFO  testCases.TC_002_Login - Provided Email 
09:25:20.276 [main] INFO  testCases.TC_002_Login - Provided Password 
09:25:21.045 [main] INFO  testCases.TC_002_Login - Clicked on Login
09:25:21.129 [main] INFO  testCases.TC_002_Login - Login Success 
09:25:21.130 [main] INFO  testCases.TC_002_Login -  Finished TC_002_Login 
09:25:27.575 [main] INFO  testCases.TC_003_LoginDDT -  Starting TC_003_LoginDDT 
09:25:32.441 [main] INFO  testCases.TC_003_LoginDDT - Home Page Displayed 
09:25:32.748 [main] INFO  testCases.TC_003_LoginDDT - Clicked on My Account 
09:25:33.481 [main] INFO  testCases.TC_003_LoginDDT - Clicked on Login 
09:25:33.717 [main] INFO  testCases.TC_003_LoginDDT - Provided Email 
09:25:33.868 [main] INFO  testCases.TC_003_LoginDDT - Provided Password 
09:25:34.889 [main] INFO  testCases.TC_003_LoginDDT - Clicked on Login
09:25:34.953 [main] INFO  testCases.TC_003_LoginDDT - Login Success 
09:25:35.789 [main] INFO  testCases.TC_003_LoginDDT -  Finished TC_003_LoginDDT 
09:25:35.795 [main] INFO  testCases.TC_003_LoginDDT -  Starting TC_003_LoginDDT 
09:25:36.781 [main] INFO  testCases.TC_003_LoginDDT - Home Page Displayed 
09:25:36.908 [main] INFO  testCases.TC_003_LoginDDT - Clicked on My Account 
09:25:37.924 [main] INFO  testCases.TC_003_LoginDDT - Clicked on Login 
09:25:38.268 [main] INFO  testCases.TC_003_LoginDDT - Provided Email 
09:25:38.384 [main] INFO  testCases.TC_003_LoginDDT - Provided Password 
09:25:39.134 [main] INFO  testCases.TC_003_LoginDDT - Clicked on Login
09:25:59.175 [main] ERROR testCases.TC_003_LoginDDT - Login Failed 
09:25:59.175 [main] INFO  testCases.TC_003_LoginDDT -  Finished TC_003_LoginDDT 
09:25:59.179 [main] INFO  testCases.TC_003_LoginDDT -  Starting TC_003_LoginDDT 
09:26:00.430 [main] INFO  testCases.TC_003_LoginDDT - Home Page Displayed 
09:26:00.559 [main] INFO  testCases.TC_003_LoginDDT - Clicked on My Account 
09:26:01.334 [main] INFO  testCases.TC_003_LoginDDT - Clicked on Login 
09:26:01.521 [main] INFO  testCases.TC_003_LoginDDT - Provided Email 
09:26:01.676 [main] INFO  testCases.TC_003_LoginDDT - Provided Password 
09:26:03.352 [main] INFO  testCases.TC_003_LoginDDT - Clicked on Login
09:26:23.379 [main] ERROR testCases.TC_003_LoginDDT - Login Failed 
09:26:23.379 [main] INFO  testCases.TC_003_LoginDDT -  Finished TC_003_LoginDDT 
09:26:23.383 [main] INFO  testCases.TC_003_LoginDDT -  Starting TC_003_LoginDDT 
09:26:23.991 [main] INFO  testCases.TC_003_LoginDDT - Home Page Displayed 
09:26:24.127 [main] INFO  testCases.TC_003_LoginDDT - Clicked on My Account 
09:26:25.504 [main] INFO  testCases.TC_003_LoginDDT - Clicked on Login 
09:26:25.708 [main] INFO  testCases.TC_003_LoginDDT - Provided Email 
09:26:25.842 [main] INFO  testCases.TC_003_LoginDDT - Provided Password 
09:26:26.544 [main] INFO  testCases.TC_003_LoginDDT - Clicked on Login
09:26:46.604 [main] ERROR testCases.TC_003_LoginDDT - Login Failed 
09:26:46.604 [main] INFO  testCases.TC_003_LoginDDT -  Finished TC_003_LoginDDT 
09:42:24.166 [main] INFO  testCases.TC_001_AccountRegistrationPage - Starting TC_001_AccountRegistrationPage
09:42:30.212 [main] INFO  testCases.TC_001_AccountRegistrationPage - Clicking on MyAccount under Register Link 
09:42:31.755 [main] INFO  testCases.TC_001_AccountRegistrationPage - Provided Customer First Name
09:42:31.926 [main] INFO  testCases.TC_001_AccountRegistrationPage - Provided Customer Last Name
09:42:32.096 [main] INFO  testCases.TC_001_AccountRegistrationPage - Provided Customer Gmail
09:42:32.295 [main] INFO  testCases.TC_001_AccountRegistrationPage - Provided Customer Telephone Number
09:42:32.434 [main] INFO  testCases.TC_001_AccountRegistrationPage - Set Password and Confirm Password
09:42:32.741 [main] INFO  testCases.TC_001_AccountRegistrationPage - Clicked On Privacy Policy
09:42:32.844 [main] INFO  testCases.TC_001_AccountRegistrationPage - Clicked On Continue Button
09:42:36.226 [main] INFO  testCases.TC_001_AccountRegistrationPage - Provided Login Information
09:42:36.226 [main] INFO  testCases.TC_001_AccountRegistrationPage - Registration Test Passed
09:42:40.267 [main] INFO  testCases.TC_002_Login -  Starting TC_002_Login 
09:42:46.622 [main] INFO  testCases.TC_002_Login - Home Page Displayed 
09:42:46.925 [main] INFO  testCases.TC_002_Login - Clicked on My Account 
09:42:47.654 [main] INFO  testCases.TC_002_Login - Clicked on Login 
09:42:47.870 [main] INFO  testCases.TC_002_Login - Provided Email 
09:42:48.026 [main] INFO  testCases.TC_002_Login - Provided Password 
09:42:49.170 [main] INFO  testCases.TC_002_Login - Clicked on Login
09:42:49.260 [main] INFO  testCases.TC_002_Login - Login Success 
09:42:49.260 [main] INFO  testCases.TC_002_Login -  Finished TC_002_Login 
09:42:56.689 [main] INFO  testCases.TC_003_LoginDDT -  Starting TC_003_LoginDDT 
09:43:04.189 [main] INFO  testCases.TC_003_LoginDDT - Home Page Displayed 
09:43:04.838 [main] INFO  testCases.TC_003_LoginDDT - Clicked on My Account 
09:43:05.659 [main] INFO  testCases.TC_003_LoginDDT - Clicked on Login 
09:43:05.886 [main] INFO  testCases.TC_003_LoginDDT - Provided Email 
09:43:06.160 [main] INFO  testCases.TC_003_LoginDDT - Provided Password 
09:43:07.364 [main] INFO  testCases.TC_003_LoginDDT - Clicked on Login
09:43:07.444 [main] INFO  testCases.TC_003_LoginDDT - Login Success 
09:43:08.637 [main] INFO  testCases.TC_003_LoginDDT -  Finished TC_003_LoginDDT 
09:43:08.641 [main] INFO  testCases.TC_003_LoginDDT -  Starting TC_003_LoginDDT 
09:43:09.690 [main] INFO  testCases.TC_003_LoginDDT - Home Page Displayed 
09:43:09.808 [main] INFO  testCases.TC_003_LoginDDT - Clicked on My Account 
09:43:10.826 [main] INFO  testCases.TC_003_LoginDDT - Clicked on Login 
09:43:11.036 [main] INFO  testCases.TC_003_LoginDDT - Provided Email 
09:43:11.153 [main] INFO  testCases.TC_003_LoginDDT - Provided Password 
09:43:12.097 [main] INFO  testCases.TC_003_LoginDDT - Clicked on Login
09:43:32.170 [main] ERROR testCases.TC_003_LoginDDT - Login Failed 
09:43:32.170 [main] INFO  testCases.TC_003_LoginDDT -  Finished TC_003_LoginDDT 
09:43:32.174 [main] INFO  testCases.TC_003_LoginDDT -  Starting TC_003_LoginDDT 
09:43:32.910 [main] INFO  testCases.TC_003_LoginDDT - Home Page Displayed 
09:43:33.045 [main] INFO  testCases.TC_003_LoginDDT - Clicked on My Account 
09:43:33.854 [main] INFO  testCases.TC_003_LoginDDT - Clicked on Login 
09:43:34.069 [main] INFO  testCases.TC_003_LoginDDT - Provided Email 
09:43:34.232 [main] INFO  testCases.TC_003_LoginDDT - Provided Password 
09:43:34.862 [main] INFO  testCases.TC_003_LoginDDT - Clicked on Login
09:43:54.924 [main] ERROR testCases.TC_003_LoginDDT - Login Failed 
09:43:54.925 [main] INFO  testCases.TC_003_LoginDDT -  Finished TC_003_LoginDDT 
09:43:54.928 [main] INFO  testCases.TC_003_LoginDDT -  Starting TC_003_LoginDDT 
09:43:55.578 [main] INFO  testCases.TC_003_LoginDDT - Home Page Displayed 
09:43:55.737 [main] INFO  testCases.TC_003_LoginDDT - Clicked on My Account 
09:43:56.388 [main] INFO  testCases.TC_003_LoginDDT - Clicked on Login 
09:43:56.602 [main] INFO  testCases.TC_003_LoginDDT - Provided Email 
09:43:56.744 [main] INFO  testCases.TC_003_LoginDDT - Provided Password 
09:43:57.394 [main] INFO  testCases.TC_003_LoginDDT - Clicked on Login
09:44:17.432 [main] ERROR testCases.TC_003_LoginDDT - Login Failed 
09:44:17.432 [main] INFO  testCases.TC_003_LoginDDT -  Finished TC_003_LoginDDT 
09:46:53.830 [main] INFO  testCases.TC_003_LoginDDT -  Starting TC_003_LoginDDT 
09:46:58.772 [main] INFO  testCases.TC_003_LoginDDT - Home Page Displayed 
09:46:59.352 [main] INFO  testCases.TC_003_LoginDDT - Clicked on My Account 
09:47:00.283 [main] INFO  testCases.TC_003_LoginDDT - Clicked on Login 
09:47:00.562 [main] INFO  testCases.TC_003_LoginDDT - Provided Email 
09:47:00.736 [main] INFO  testCases.TC_003_LoginDDT - Provided Password 
09:47:01.779 [main] INFO  testCases.TC_003_LoginDDT - Clicked on Login
09:47:01.885 [main] INFO  testCases.TC_003_LoginDDT - Login Success 
09:47:02.668 [main] INFO  testCases.TC_003_LoginDDT -  Finished TC_003_LoginDDT 
09:47:02.699 [main] INFO  testCases.TC_003_LoginDDT -  Starting TC_003_LoginDDT 
09:47:03.320 [main] INFO  testCases.TC_003_LoginDDT - Home Page Displayed 
09:47:03.454 [main] INFO  testCases.TC_003_LoginDDT - Clicked on My Account 
09:47:05.218 [main] INFO  testCases.TC_003_LoginDDT - Clicked on Login 
09:47:05.415 [main] INFO  testCases.TC_003_LoginDDT - Provided Email 
09:47:05.552 [main] INFO  testCases.TC_003_LoginDDT - Provided Password 
09:47:06.814 [main] INFO  testCases.TC_003_LoginDDT - Clicked on Login
09:47:26.842 [main] ERROR testCases.TC_003_LoginDDT - Login Failed 
09:47:26.843 [main] INFO  testCases.TC_003_LoginDDT -  Finished TC_003_LoginDDT 
09:47:26.847 [main] INFO  testCases.TC_003_LoginDDT -  Starting TC_003_LoginDDT 
09:47:28.322 [main] INFO  testCases.TC_003_LoginDDT - Home Page Displayed 
09:47:28.476 [main] INFO  testCases.TC_003_LoginDDT - Clicked on My Account 
09:47:29.463 [main] INFO  testCases.TC_003_LoginDDT - Clicked on Login 
09:47:29.746 [main] INFO  testCases.TC_003_LoginDDT - Provided Email 
09:47:29.919 [main] INFO  testCases.TC_003_LoginDDT - Provided Password 
09:47:31.131 [main] INFO  testCases.TC_003_LoginDDT - Clicked on Login
09:47:51.191 [main] ERROR testCases.TC_003_LoginDDT - Login Failed 
09:47:51.191 [main] INFO  testCases.TC_003_LoginDDT -  Finished TC_003_LoginDDT 
09:47:51.197 [main] INFO  testCases.TC_003_LoginDDT -  Starting TC_003_LoginDDT 
09:47:51.923 [main] INFO  testCases.TC_003_LoginDDT - Home Page Displayed 
09:47:52.084 [main] INFO  testCases.TC_003_LoginDDT - Clicked on My Account 
09:47:52.806 [main] INFO  testCases.TC_003_LoginDDT - Clicked on Login 
09:47:53.002 [main] INFO  testCases.TC_003_LoginDDT - Provided Email 
09:47:53.154 [main] INFO  testCases.TC_003_LoginDDT - Provided Password 
09:47:54.047 [main] INFO  testCases.TC_003_LoginDDT - Clicked on Login
09:48:14.121 [main] ERROR testCases.TC_003_LoginDDT - Login Failed 
09:48:14.121 [main] INFO  testCases.TC_003_LoginDDT -  Finished TC_003_LoginDDT 
09:51:26.734 [main] INFO  testCases.TC_003_LoginDDT -  Starting TC_003_LoginDDT 
09:51:30.881 [main] INFO  testCases.TC_003_LoginDDT - Home Page Displayed 
09:51:31.311 [main] INFO  testCases.TC_003_LoginDDT - Clicked on My Account 
09:51:32.166 [main] INFO  testCases.TC_003_LoginDDT - Clicked on Login 
09:51:32.428 [main] INFO  testCases.TC_003_LoginDDT - Provided Email 
09:51:32.603 [main] INFO  testCases.TC_003_LoginDDT - Provided Password 
09:51:33.702 [main] INFO  testCases.TC_003_LoginDDT - Clicked on Login
09:51:53.795 [main] ERROR testCases.TC_003_LoginDDT - Login Failed 
09:51:53.799 [main] INFO  testCases.TC_003_LoginDDT -  Finished TC_003_LoginDDT 
09:51:53.842 [main] INFO  testCases.TC_003_LoginDDT -  Starting TC_003_LoginDDT 
09:51:54.556 [main] INFO  testCases.TC_003_LoginDDT - Home Page Displayed 
09:51:54.698 [main] INFO  testCases.TC_003_LoginDDT - Clicked on My Account 
09:51:55.346 [main] INFO  testCases.TC_003_LoginDDT - Clicked on Login 
09:51:55.576 [main] INFO  testCases.TC_003_LoginDDT - Provided Email 
09:51:55.716 [main] INFO  testCases.TC_003_LoginDDT - Provided Password 
09:51:56.338 [main] INFO  testCases.TC_003_LoginDDT - Clicked on Login
09:52:16.372 [main] ERROR testCases.TC_003_LoginDDT - Login Failed 
09:52:16.373 [main] INFO  testCases.TC_003_LoginDDT -  Finished TC_003_LoginDDT 
09:52:16.377 [main] INFO  testCases.TC_003_LoginDDT -  Starting TC_003_LoginDDT 
09:52:16.999 [main] INFO  testCases.TC_003_LoginDDT - Home Page Displayed 
09:52:17.146 [main] INFO  testCases.TC_003_LoginDDT - Clicked on My Account 
09:52:17.826 [main] INFO  testCases.TC_003_LoginDDT - Clicked on Login 
09:52:18.018 [main] INFO  testCases.TC_003_LoginDDT - Provided Email 
09:52:18.177 [main] INFO  testCases.TC_003_LoginDDT - Provided Password 
09:52:18.905 [main] INFO  testCases.TC_003_LoginDDT - Clicked on Login
09:52:38.951 [main] ERROR testCases.TC_003_LoginDDT - Login Failed 
09:52:38.951 [main] INFO  testCases.TC_003_LoginDDT -  Finished TC_003_LoginDDT 
10:34:17.142 [main] INFO  testCases.TC_001_AccountRegistrationPage - Starting TC_001_AccountRegistrationPage
10:34:24.163 [main] INFO  testCases.TC_001_AccountRegistrationPage - Clicking on MyAccount under Register Link 
10:34:29.286 [main] INFO  testCases.TC_001_AccountRegistrationPage - Provided Customer First Name
10:34:29.494 [main] INFO  testCases.TC_001_AccountRegistrationPage - Provided Customer Last Name
10:34:29.688 [main] INFO  testCases.TC_001_AccountRegistrationPage - Provided Customer Gmail
10:34:29.897 [main] INFO  testCases.TC_001_AccountRegistrationPage - Provided Customer Telephone Number
10:34:30.115 [main] INFO  testCases.TC_001_AccountRegistrationPage - Set Password and Confirm Password
10:34:30.483 [main] INFO  testCases.TC_001_AccountRegistrationPage - Clicked On Privacy Policy
10:34:30.582 [main] INFO  testCases.TC_001_AccountRegistrationPage - Clicked On Continue Button
10:34:34.480 [main] INFO  testCases.TC_001_AccountRegistrationPage - Provided Login Information
10:34:34.480 [main] INFO  testCases.TC_001_AccountRegistrationPage - Registration Test Passed
10:34:37.758 [main] INFO  testCases.TC_002_Login -  Starting TC_002_Login 
10:34:42.836 [main] INFO  testCases.TC_002_Login - Home Page Displayed 
10:34:43.621 [main] INFO  testCases.TC_002_Login - Clicked on My Account 
10:34:44.607 [main] INFO  testCases.TC_002_Login - Clicked on Login 
10:34:44.847 [main] INFO  testCases.TC_002_Login - Provided Email 
10:34:44.990 [main] INFO  testCases.TC_002_Login - Provided Password 
10:34:45.813 [main] INFO  testCases.TC_002_Login - Clicked on Login
10:34:45.942 [main] INFO  testCases.TC_002_Login - Login Success 
10:34:45.943 [main] INFO  testCases.TC_002_Login -  Finished TC_002_Login 
10:35:22.402 [main] INFO  testCases.TC_002_Login -  Starting TC_002_Login 
10:35:26.497 [main] INFO  testCases.TC_002_Login - Home Page Displayed 
10:35:27.076 [main] INFO  testCases.TC_002_Login - Clicked on My Account 
10:35:27.831 [main] INFO  testCases.TC_002_Login - Clicked on Login 
10:35:28.088 [main] INFO  testCases.TC_002_Login - Provided Email 
10:35:28.227 [main] INFO  testCases.TC_002_Login - Provided Password 
10:35:28.938 [main] INFO  testCases.TC_002_Login - Clicked on Login
10:35:29.042 [main] INFO  testCases.TC_002_Login - Login Success 
10:35:29.046 [main] INFO  testCases.TC_002_Login -  Finished TC_002_Login 
10:36:00.282 [main] INFO  testCases.TC_001_AccountRegistrationPage - Starting TC_001_AccountRegistrationPage
10:36:04.005 [main] INFO  testCases.TC_001_AccountRegistrationPage - Clicking on MyAccount under Register Link 
10:36:05.928 [main] INFO  testCases.TC_001_AccountRegistrationPage - Provided Customer First Name
10:36:06.158 [main] INFO  testCases.TC_001_AccountRegistrationPage - Provided Customer Last Name
10:36:06.335 [main] INFO  testCases.TC_001_AccountRegistrationPage - Provided Customer Gmail
10:36:06.520 [main] INFO  testCases.TC_001_AccountRegistrationPage - Provided Customer Telephone Number
10:36:06.656 [main] INFO  testCases.TC_001_AccountRegistrationPage - Set Password and Confirm Password
10:36:07.042 [main] INFO  testCases.TC_001_AccountRegistrationPage - Clicked On Privacy Policy
10:36:07.138 [main] INFO  testCases.TC_001_AccountRegistrationPage - Clicked On Continue Button
10:36:10.270 [main] INFO  testCases.TC_001_AccountRegistrationPage - Provided Login Information
10:36:10.270 [main] INFO  testCases.TC_001_AccountRegistrationPage - Registration Test Passed
17:29:48.510 [main] INFO  testCases.TC_001_AccountRegistrationPage - Starting TC_001_AccountRegistrationPage
17:30:20.853 [main] INFO  testCases.TC_001_AccountRegistrationPage - Clicking on MyAccount under Register Link 
17:30:26.448 [main] INFO  testCases.TC_001_AccountRegistrationPage - Provided Customer First Name
17:30:26.963 [main] INFO  testCases.TC_001_AccountRegistrationPage - Provided Customer Last Name
17:30:27.185 [main] INFO  testCases.TC_001_AccountRegistrationPage - Provided Customer Gmail
17:30:27.377 [main] INFO  testCases.TC_001_AccountRegistrationPage - Provided Customer Telephone Number
17:30:27.518 [main] INFO  testCases.TC_001_AccountRegistrationPage - Set Password and Confirm Password
17:30:27.807 [main] INFO  testCases.TC_001_AccountRegistrationPage - Clicked On Privacy Policy
17:30:27.921 [main] INFO  testCases.TC_001_AccountRegistrationPage - Clicked On Continue Button
17:30:33.735 [main] INFO  testCases.TC_001_AccountRegistrationPage - Provided Login Information
17:30:33.735 [main] INFO  testCases.TC_001_AccountRegistrationPage - Registration Test Passed
17:43:19.779 [main] INFO  testCases.TC_001_AccountRegistrationPage - Starting TC_001_AccountRegistrationPage
17:43:31.645 [main] INFO  testCases.TC_001_AccountRegistrationPage - Clicking on MyAccount under Register Link 
17:43:53.294 [main] INFO  testCases.TC_001_AccountRegistrationPage - Provided Customer First Name
17:43:53.442 [main] INFO  testCases.TC_001_AccountRegistrationPage - Provided Customer Last Name
17:43:53.596 [main] INFO  testCases.TC_001_AccountRegistrationPage - Provided Customer Gmail
17:43:53.852 [main] INFO  testCases.TC_001_AccountRegistrationPage - Provided Customer Telephone Number
17:43:54.024 [main] INFO  testCases.TC_001_AccountRegistrationPage - Set Password and Confirm Password
17:43:54.329 [main] INFO  testCases.TC_001_AccountRegistrationPage - Clicked On Privacy Policy
17:43:54.443 [main] INFO  testCases.TC_001_AccountRegistrationPage - Clicked On Continue Button
17:43:59.735 [main] INFO  testCases.TC_001_AccountRegistrationPage - Provided Login Information
17:43:59.735 [main] INFO  testCases.TC_001_AccountRegistrationPage - Registration Test Passed
17:49:14.577 [main] INFO  testCases.TC_001_AccountRegistrationPage - Starting TC_001_AccountRegistrationPage
17:49:20.799 [main] INFO  testCases.TC_001_AccountRegistrationPage - Clicking on MyAccount under Register Link 
17:49:25.346 [main] INFO  testCases.TC_001_AccountRegistrationPage - Provided Customer First Name
17:49:25.497 [main] INFO  testCases.TC_001_AccountRegistrationPage - Provided Customer Last Name
17:49:25.644 [main] INFO  testCases.TC_001_AccountRegistrationPage - Provided Customer Gmail
17:49:25.839 [main] INFO  testCases.TC_001_AccountRegistrationPage - Provided Customer Telephone Number
17:49:26.028 [main] INFO  testCases.TC_001_AccountRegistrationPage - Set Password and Confirm Password
17:49:26.364 [main] INFO  testCases.TC_001_AccountRegistrationPage - Clicked On Privacy Policy
17:49:26.452 [main] INFO  testCases.TC_001_AccountRegistrationPage - Clicked On Continue Button
17:49:29.404 [main] INFO  testCases.TC_001_AccountRegistrationPage - Provided Login Information
17:49:29.404 [main] INFO  testCases.TC_001_AccountRegistrationPage - Registration Test Passed
21:10:38.545 [main] INFO  testCases.TC_001_AccountRegistrationPage - Starting TC_001_AccountRegistrationPage
21:10:47.208 [main] INFO  testCases.TC_001_AccountRegistrationPage - Clicking on MyAccount under Register Link 
21:10:51.281 [main] INFO  testCases.TC_001_AccountRegistrationPage - Provided Customer First Name
21:10:51.568 [main] INFO  testCases.TC_001_AccountRegistrationPage - Provided Customer Last Name
21:10:51.770 [main] INFO  testCases.TC_001_AccountRegistrationPage - Provided Customer Gmail
21:10:51.947 [main] INFO  testCases.TC_001_AccountRegistrationPage - Provided Customer Telephone Number
21:10:52.075 [main] INFO  testCases.TC_001_AccountRegistrationPage - Set Password and Confirm Password
21:10:52.375 [main] INFO  testCases.TC_001_AccountRegistrationPage - Clicked On Privacy Policy
21:10:52.463 [main] INFO  testCases.TC_001_AccountRegistrationPage - Clicked On Continue Button
21:10:55.995 [main] INFO  testCases.TC_001_AccountRegistrationPage - Provided Login Information
21:10:55.995 [main] INFO  testCases.TC_001_AccountRegistrationPage - Registration Test Passed
21:11:00.474 [main] INFO  testCases.TC_002_Login -  Starting TC_002_Login 
21:11:04.911 [main] INFO  testCases.TC_002_Login - Home Page Displayed 
21:11:05.901 [main] INFO  testCases.TC_002_Login - Clicked on My Account 
21:11:06.995 [main] INFO  testCases.TC_002_Login - Clicked on Login 
21:11:07.250 [main] INFO  testCases.TC_002_Login - Provided Email 
21:11:07.455 [main] INFO  testCases.TC_002_Login - Provided Password 
21:11:09.326 [main] INFO  testCases.TC_002_Login - Clicked on Login
21:11:09.445 [main] INFO  testCases.TC_002_Login - Login Success 
21:11:09.445 [main] INFO  testCases.TC_002_Login -  Finished TC_002_Login 
22:26:27.610 [main] INFO  testCases.TC_001_AccountRegistrationPage - Starting TC_001_AccountRegistrationPage
22:26:36.874 [main] INFO  testCases.TC_001_AccountRegistrationPage - Clicking on MyAccount under Register Link 
22:26:42.815 [main] INFO  testCases.TC_001_AccountRegistrationPage - Provided Customer First Name
22:26:43.011 [main] INFO  testCases.TC_001_AccountRegistrationPage - Provided Customer Last Name
22:26:43.180 [main] INFO  testCases.TC_001_AccountRegistrationPage - Provided Customer Gmail
22:26:43.359 [main] INFO  testCases.TC_001_AccountRegistrationPage - Provided Customer Telephone Number
22:26:43.514 [main] INFO  testCases.TC_001_AccountRegistrationPage - Set Password and Confirm Password
22:26:43.857 [main] INFO  testCases.TC_001_AccountRegistrationPage - Clicked On Privacy Policy
22:26:44.028 [main] INFO  testCases.TC_001_AccountRegistrationPage - Clicked On Continue Button
22:26:47.647 [main] INFO  testCases.TC_001_AccountRegistrationPage - Provided Login Information
22:26:47.647 [main] INFO  testCases.TC_001_AccountRegistrationPage - Registration Test Passed
22:26:53.160 [main] INFO  testCases.TC_002_Login -  Starting TC_002_Login 
22:26:58.411 [main] INFO  testCases.TC_002_Login - Home Page Displayed 
22:26:59.103 [main] INFO  testCases.TC_002_Login - Clicked on My Account 
22:26:59.929 [main] INFO  testCases.TC_002_Login - Clicked on Login 
22:27:00.158 [main] INFO  testCases.TC_002_Login - Provided Email 
22:27:00.333 [main] INFO  testCases.TC_002_Login - Provided Password 
22:27:01.346 [main] INFO  testCases.TC_002_Login - Clicked on Login
22:27:01.440 [main] INFO  testCases.TC_002_Login - Login Success 
22:27:01.440 [main] INFO  testCases.TC_002_Login -  Finished TC_002_Login 
22:35:26.561 [main] INFO  testCases.TC_001_AccountRegistrationPage - Starting TC_001_AccountRegistrationPage
22:35:38.831 [main] FATAL testCases.TC_001_AccountRegistrationPage - Registration Test Failed
22:35:49.434 [main] INFO  testCases.TC_002_Login -  Starting TC_002_Login 
22:36:00.341 [main] INFO  testCases.TC_002_Login - Home Page Displayed 
22:36:01.711 [main] INFO  testCases.TC_002_Login - Clicked on My Account 
22:36:05.801 [main] INFO  testCases.TC_002_Login - Clicked on Login 
22:36:06.462 [main] INFO  testCases.TC_002_Login - Provided Email 
22:36:06.707 [main] INFO  testCases.TC_002_Login - Provided Password 
22:36:08.471 [main] INFO  testCases.TC_002_Login - Clicked on Login
22:36:08.615 [main] INFO  testCases.TC_002_Login - Login Success 
22:36:08.615 [main] INFO  testCases.TC_002_Login -  Finished TC_002_Login 
22:36:11.419 [main] INFO  testCases.TC_001_AccountRegistrationPage - Starting TC_001_AccountRegistrationPage
22:36:16.330 [main] INFO  testCases.TC_001_AccountRegistrationPage - Clicking on MyAccount under Register Link 
22:36:18.460 [main] INFO  testCases.TC_001_AccountRegistrationPage - Provided Customer First Name
22:36:18.648 [main] INFO  testCases.TC_001_AccountRegistrationPage - Provided Customer Last Name
22:36:18.802 [main] INFO  testCases.TC_001_AccountRegistrationPage - Provided Customer Gmail
22:36:18.984 [main] INFO  testCases.TC_001_AccountRegistrationPage - Provided Customer Telephone Number
22:36:19.116 [main] INFO  testCases.TC_001_AccountRegistrationPage - Set Password and Confirm Password
22:36:19.451 [main] INFO  testCases.TC_001_AccountRegistrationPage - Clicked On Privacy Policy
22:36:19.541 [main] INFO  testCases.TC_001_AccountRegistrationPage - Clicked On Continue Button
22:36:23.108 [main] INFO  testCases.TC_001_AccountRegistrationPage - Provided Login Information
22:36:23.109 [main] INFO  testCases.TC_001_AccountRegistrationPage - Registration Test Passed
22:36:27.563 [main] INFO  testCases.TC_002_Login -  Starting TC_002_Login 
22:36:32.092 [main] INFO  testCases.TC_002_Login - Home Page Displayed 
22:36:33.096 [main] INFO  testCases.TC_002_Login - Clicked on My Account 
22:36:34.082 [main] INFO  testCases.TC_002_Login - Clicked on Login 
22:36:34.284 [main] INFO  testCases.TC_002_Login - Provided Email 
22:36:34.448 [main] INFO  testCases.TC_002_Login - Provided Password 
22:36:35.250 [main] INFO  testCases.TC_002_Login - Clicked on Login
22:36:35.330 [main] INFO  testCases.TC_002_Login - Login Success 
22:36:35.331 [main] INFO  testCases.TC_002_Login -  Finished TC_002_Login 
08:00:12.383 [main] INFO  testCases.TC_001_AccountRegistrationPage - Starting TC_001_AccountRegistrationPage
08:00:33.982 [main] INFO  testCases.TC_001_AccountRegistrationPage - Clicking on MyAccount under Register Link 
08:00:39.452 [main] INFO  testCases.TC_001_AccountRegistrationPage - Provided Customer First Name
08:00:39.836 [main] INFO  testCases.TC_001_AccountRegistrationPage - Provided Customer Last Name
08:00:40.177 [main] INFO  testCases.TC_001_AccountRegistrationPage - Provided Customer Gmail
08:00:40.397 [main] INFO  testCases.TC_001_AccountRegistrationPage - Provided Customer Telephone Number
08:00:40.626 [main] INFO  testCases.TC_001_AccountRegistrationPage - Set Password and Confirm Password
08:00:41.112 [main] INFO  testCases.TC_001_AccountRegistrationPage - Clicked On Privacy Policy
08:00:41.257 [main] INFO  testCases.TC_001_AccountRegistrationPage - Clicked On Continue Button
08:00:48.466 [main] INFO  testCases.TC_001_AccountRegistrationPage - Provided Login Information
08:00:48.466 [main] INFO  testCases.TC_001_AccountRegistrationPage - Registration Test Passed
08:01:07.610 [main] INFO  testCases.TC_002_Login -  Starting TC_002_Login 
08:01:12.717 [main] INFO  testCases.TC_002_Login - Home Page Displayed 
08:01:14.468 [main] INFO  testCases.TC_002_Login - Clicked on My Account 
08:01:15.486 [main] INFO  testCases.TC_002_Login - Clicked on Login 
08:01:15.740 [main] INFO  testCases.TC_002_Login - Provided Email 
08:01:15.871 [main] INFO  testCases.TC_002_Login - Provided Password 
08:01:17.962 [main] INFO  testCases.TC_002_Login - Clicked on Login
08:01:18.055 [main] INFO  testCases.TC_002_Login - Login Success 
08:01:18.055 [main] INFO  testCases.TC_002_Login -  Finished TC_002_Login 
08:21:53.891 [main] INFO  testCases.TC_001_AccountRegistrationPage - Starting TC_001_AccountRegistrationPage
08:21:58.131 [main] INFO  testCases.TC_001_AccountRegistrationPage - Clicking on MyAccount under Register Link 
08:22:02.225 [main] INFO  testCases.TC_001_AccountRegistrationPage - Provided Customer First Name
08:22:02.430 [main] INFO  testCases.TC_001_AccountRegistrationPage - Provided Customer Last Name
08:22:02.576 [main] INFO  testCases.TC_001_AccountRegistrationPage - Provided Customer Gmail
08:22:02.749 [main] INFO  testCases.TC_001_AccountRegistrationPage - Provided Customer Telephone Number
08:22:02.888 [main] INFO  testCases.TC_001_AccountRegistrationPage - Set Password and Confirm Password
08:22:03.185 [main] INFO  testCases.TC_001_AccountRegistrationPage - Clicked On Privacy Policy
08:22:03.298 [main] INFO  testCases.TC_001_AccountRegistrationPage - Clicked On Continue Button
08:22:06.969 [main] INFO  testCases.TC_001_AccountRegistrationPage - Provided Login Information
08:22:06.969 [main] INFO  testCases.TC_001_AccountRegistrationPage - Registration Test Passed
08:22:10.333 [main] INFO  testCases.TC_002_Login -  Starting TC_002_Login 
08:22:16.751 [main] INFO  testCases.TC_002_Login - Home Page Displayed 
08:22:17.529 [main] INFO  testCases.TC_002_Login - Clicked on My Account 
08:22:18.403 [main] INFO  testCases.TC_002_Login - Clicked on Login 
08:22:18.627 [main] INFO  testCases.TC_002_Login - Provided Email 
08:22:18.769 [main] INFO  testCases.TC_002_Login - Provided Password 
08:22:20.019 [main] INFO  testCases.TC_002_Login - Clicked on Login
08:22:20.096 [main] INFO  testCases.TC_002_Login - Login Success 
08:22:20.096 [main] INFO  testCases.TC_002_Login -  Finished TC_002_Login 
18:47:44.375 [main] INFO  testCases.TC_001_AccountRegistrationPage - Starting TC_001_AccountRegistrationPage
18:48:05.567 [main] INFO  testCases.TC_001_AccountRegistrationPage - Clicking on MyAccount under Register Link 
18:48:10.045 [main] INFO  testCases.TC_001_AccountRegistrationPage - Provided Customer First Name
18:48:10.455 [main] INFO  testCases.TC_001_AccountRegistrationPage - Provided Customer Last Name
18:48:10.643 [main] INFO  testCases.TC_001_AccountRegistrationPage - Provided Customer Gmail
18:48:10.877 [main] INFO  testCases.TC_001_AccountRegistrationPage - Provided Customer Telephone Number
